2020-04-07 10:42:51 test_login.py[45] INFO **********login test success*********** test_login test_login
2020-04-07 10:42:51 test_login.py[45] INFO **********login test success*********** test_login test_login
2020-04-07 10:42:51 test_login.py[45] INFO **********login test success*********** test_login test_login
2020-04-07 10:42:51 test_login.py[45] INFO **********login test success*********** test_login test_login
2020-04-07 10:42:51 test_login.py[45] INFO **********login test success*********** test_login test_login
2020-04-07 10:42:51 test_login.py[45] INFO **********login test success*********** test_login test_login
2020-04-07 10:42:52 test_login.py[45] INFO **********login test success*********** test_login test_login
2020-04-07 10:42:52 test_scene_add.py[64] INFO **********scene_add test success*********** test_scene_add test_run_scene_add
2020-04-07 10:42:52 test_scene_add.py[64] INFO **********scene_add test success*********** test_scene_add test_run_scene_add
2020-04-07 10:42:52 test_scene_add.py[64] INFO **********scene_add test success*********** test_scene_add test_run_scene_add
2020-04-07 10:42:52 test_scene_add.py[64] INFO **********scene_add test success*********** test_scene_add test_run_scene_add
2020-04-07 10:42:53 test_scene_add.py[64] INFO **********scene_add test success*********** test_scene_add test_run_scene_add
2020-04-07 10:42:53 test_scene_add.py[64] INFO **********scene_add test success*********** test_scene_add test_run_scene_add
2020-04-07 10:42:53 test_scene_add.py[64] INFO **********scene_add test success*********** test_scene_add test_run_scene_add
2020-04-07 10:42:54 test_scene_del.py[100] INFO **********scene_del test success*********** test_scene_del test_run_scene_del_error
2020-04-07 10:42:55 test_scene_del.py[100] INFO **********scene_del test success*********** test_scene_del test_run_scene_del_error
2020-04-07 10:42:55 test_scene_del.py[100] INFO **********scene_del test success*********** test_scene_del test_run_scene_del_error
2020-04-07 10:42:55 test_scene_del.py[100] INFO **********scene_del test success*********** test_scene_del test_run_scene_del_error
2020-04-07 10:42:55 test_scene_del.py[100] INFO **********scene_del test success*********** test_scene_del test_run_scene_del_error
2020-04-07 10:42:55 test_scene_del.py[100] INFO **********scene_del test success*********** test_scene_del test_run_scene_del_error
2020-04-07 10:42:56 test_scene_del.py[100] INFO **********scene_del test success*********** test_scene_del test_run_scene_del_error
2020-04-07 10:42:57 test_scene_getAll.py[74] INFO **********scene_getAll test fail*********** test_scene_getAll test_run_scene_getAll
2020-04-07 10:42:57 test_scene_getAll.py[70] INFO **********scene_getAll test success*********** test_scene_getAll test_run_scene_getAll
2020-04-07 10:42:57 test_scene_getAll.py[70] INFO **********scene_getAll test success*********** test_scene_getAll test_run_scene_getAll
2020-04-07 10:42:58 test_scene_edit.py[70] INFO **********scene_add test success*********** test_scene_edit test_run_scene_edit
2020-04-07 10:42:58 test_scene_edit.py[70] INFO **********scene_add test success*********** test_scene_edit test_run_scene_edit
2020-04-07 10:42:58 test_scene_edit.py[70] INFO **********scene_add test success*********** test_scene_edit test_run_scene_edit
2020-04-07 10:42:58 test_scene_edit.py[74] INFO **********scene_add test fail*********** test_scene_edit test_run_scene_edit
2020-04-07 10:42:58 test_scene_edit.py[70] INFO **********scene_add test success*********** test_scene_edit test_run_scene_edit
2020-04-07 10:42:59 test_scene_edit.py[70] INFO **********scene_add test success*********** test_scene_edit test_run_scene_edit
2020-04-07 10:42:59 test_scene_edit.py[70] INFO **********scene_add test success*********** test_scene_edit test_run_scene_edit
2020-04-07 10:42:59 test_scene_edit.py[70] INFO **********scene_add test success*********** test_scene_edit test_run_scene_edit
2020-04-07 10:42:59 test_scene_edit.py[70] INFO **********scene_add test success*********** test_scene_edit test_run_scene_edit
2020-04-07 10:42:59 test_scene_edit.py[70] INFO **********scene_add test success*********** test_scene_edit test_run_scene_edit
2020-04-07 10:42:59 test_scene_edit.py[70] INFO **********scene_add test success*********** test_scene_edit test_run_scene_edit
2020-04-07 11:42:13 test_login.py[45] INFO **********login test success*********** test_login test_login
2020-04-07 11:42:13 test_login.py[45] INFO **********login test success*********** test_login test_login
2020-04-07 11:42:13 test_login.py[45] INFO **********login test success*********** test_login test_login
2020-04-07 11:42:13 test_login.py[45] INFO **********login test success*********** test_login test_login
2020-04-07 11:42:14 test_login.py[45] INFO **********login test success*********** test_login test_login
2020-04-07 11:42:14 test_login.py[45] INFO **********login test success*********** test_login test_login
2020-04-07 11:42:14 test_login.py[45] INFO **********login test success*********** test_login test_login
2020-04-07 11:42:14 test_scene_add.py[64] INFO **********scene_add test success*********** test_scene_add test_run_scene_add
2020-04-07 11:42:14 test_scene_add.py[64] INFO **********scene_add test success*********** test_scene_add test_run_scene_add
2020-04-07 11:42:15 test_scene_add.py[64] INFO **********scene_add test success*********** test_scene_add test_run_scene_add
2020-04-07 11:42:15 test_scene_add.py[64] INFO **********scene_add test success*********** test_scene_add test_run_scene_add
2020-04-07 11:42:15 test_scene_add.py[64] INFO **********scene_add test success*********** test_scene_add test_run_scene_add
2020-04-07 11:42:15 test_scene_add.py[64] INFO **********scene_add test success*********** test_scene_add test_run_scene_add
2020-04-07 11:42:16 test_scene_add.py[64] INFO **********scene_add test success*********** test_scene_add test_run_scene_add
2020-04-07 11:42:17 test_scene_del.py[100] INFO **********scene_del test success*********** test_scene_del test_run_scene_del_error
2020-04-07 11:42:17 test_scene_del.py[100] INFO **********scene_del test success*********** test_scene_del test_run_scene_del_error
2020-04-07 11:42:17 test_scene_del.py[100] INFO **********scene_del test success*********** test_scene_del test_run_scene_del_error
2020-04-07 11:42:18 test_scene_del.py[100] INFO **********scene_del test success*********** test_scene_del test_run_scene_del_error
2020-04-07 11:42:18 test_scene_del.py[100] INFO **********scene_del test success*********** test_scene_del test_run_scene_del_error
2020-04-07 11:42:18 test_scene_del.py[100] INFO **********scene_del test success*********** test_scene_del test_run_scene_del_error
2020-04-07 11:42:18 test_scene_del.py[100] INFO **********scene_del test success*********** test_scene_del test_run_scene_del_error
2020-04-07 11:42:19 test_scene_getAll.py[74] INFO **********scene_getAll test fail*********** test_scene_getAll test_run_scene_getAll
2020-04-07 11:42:19 test_scene_getAll.py[70] INFO **********scene_getAll test success*********** test_scene_getAll test_run_scene_getAll
2020-04-07 11:42:19 test_scene_getAll.py[70] INFO **********scene_getAll test success*********** test_scene_getAll test_run_scene_getAll
2020-04-07 11:42:19 test_scene_edit.py[70] INFO **********scene_add test success*********** test_scene_edit test_run_scene_edit
2020-04-07 11:42:20 test_scene_edit.py[70] INFO **********scene_add test success*********** test_scene_edit test_run_scene_edit
2020-04-07 11:42:20 test_scene_edit.py[70] INFO **********scene_add test success*********** test_scene_edit test_run_scene_edit
2020-04-07 11:42:20 test_scene_edit.py[74] INFO **********scene_add test fail*********** test_scene_edit test_run_scene_edit
2020-04-07 11:42:20 test_scene_edit.py[74] INFO **********scene_add test fail*********** test_scene_edit test_run_scene_edit
2020-04-07 11:42:20 test_scene_edit.py[70] INFO **********scene_add test success*********** test_scene_edit test_run_scene_edit
2020-04-07 11:42:20 test_scene_edit.py[70] INFO **********scene_add test success*********** test_scene_edit test_run_scene_edit
2020-04-07 11:42:21 test_scene_edit.py[70] INFO **********scene_add test success*********** test_scene_edit test_run_scene_edit
2020-04-07 11:42:21 test_scene_edit.py[70] INFO **********scene_add test success*********** test_scene_edit test_run_scene_edit
2020-04-07 11:42:21 test_scene_edit.py[70] INFO **********scene_add test success*********** test_scene_edit test_run_scene_edit
2020-04-07 11:42:21 test_scene_edit.py[70] INFO **********scene_add test success*********** test_scene_edit test_run_scene_edit
