2020-04-13 10:17:43 test_login.py[45] INFO **********login test success*********** test_login test_login
2020-04-13 10:17:43 test_login.py[45] INFO **********login test success*********** test_login test_login
2020-04-13 10:17:43 test_login.py[45] INFO **********login test success*********** test_login test_login
2020-04-13 10:17:43 test_login.py[45] INFO **********login test success*********** test_login test_login
2020-04-13 10:17:45 test_login.py[45] INFO **********login test success*********** test_login test_login
2020-04-13 10:17:46 test_login.py[45] INFO **********login test success*********** test_login test_login
2020-04-13 10:17:46 test_login.py[45] INFO **********login test success*********** test_login test_login
2020-04-13 10:17:48 test_scene_add.py[64] INFO **********scene_add test success*********** test_scene_add test_run_scene_add
2020-04-13 10:17:48 test_scene_add.py[64] INFO **********scene_add test success*********** test_scene_add test_run_scene_add
2020-04-13 10:17:49 test_scene_add.py[64] INFO **********scene_add test success*********** test_scene_add test_run_scene_add
2020-04-13 10:17:49 test_scene_add.py[64] INFO **********scene_add test success*********** test_scene_add test_run_scene_add
2020-04-13 10:17:50 test_scene_add.py[64] INFO **********scene_add test success*********** test_scene_add test_run_scene_add
2020-04-13 10:17:51 test_scene_add.py[64] INFO **********scene_add test success*********** test_scene_add test_run_scene_add
2020-04-13 10:17:51 test_scene_add.py[64] INFO **********scene_add test success*********** test_scene_add test_run_scene_add
2020-04-13 10:17:56 test_scene_del.py[100] INFO **********scene_del test success*********** test_scene_del test_run_scene_del_error
2020-04-13 10:17:57 test_scene_del.py[100] INFO **********scene_del test success*********** test_scene_del test_run_scene_del_error
2020-04-13 10:17:59 test_scene_del.py[100] INFO **********scene_del test success*********** test_scene_del test_run_scene_del_error
2020-04-13 10:17:59 test_scene_del.py[100] INFO **********scene_del test success*********** test_scene_del test_run_scene_del_error
2020-04-13 10:18:00 test_scene_del.py[100] INFO **********scene_del test success*********** test_scene_del test_run_scene_del_error
2020-04-13 10:18:01 test_scene_del.py[100] INFO **********scene_del test success*********** test_scene_del test_run_scene_del_error
2020-04-13 10:18:01 test_scene_del.py[100] INFO **********scene_del test success*********** test_scene_del test_run_scene_del_error
2020-04-13 10:18:02 test_scene_getAll.py[74] INFO **********scene_getAll test fail*********** test_scene_getAll test_run_scene_getAll
2020-04-13 10:18:03 test_scene_getAll.py[70] INFO **********scene_getAll test success*********** test_scene_getAll test_run_scene_getAll
2020-04-13 10:18:03 test_scene_getAll.py[70] INFO **********scene_getAll test success*********** test_scene_getAll test_run_scene_getAll
2020-04-13 10:18:04 test_scene_edit.py[70] INFO **********scene_add test success*********** test_scene_edit test_run_scene_edit
2020-04-13 10:18:04 test_scene_edit.py[70] INFO **********scene_add test success*********** test_scene_edit test_run_scene_edit
2020-04-13 10:18:04 test_scene_edit.py[70] INFO **********scene_add test success*********** test_scene_edit test_run_scene_edit
2020-04-13 10:18:05 test_scene_edit.py[74] INFO **********scene_add test fail*********** test_scene_edit test_run_scene_edit
2020-04-13 10:18:05 test_scene_edit.py[74] INFO **********scene_add test fail*********** test_scene_edit test_run_scene_edit
2020-04-13 10:18:06 test_scene_edit.py[70] INFO **********scene_add test success*********** test_scene_edit test_run_scene_edit
2020-04-13 10:18:06 test_scene_edit.py[70] INFO **********scene_add test success*********** test_scene_edit test_run_scene_edit
2020-04-13 10:18:06 test_scene_edit.py[70] INFO **********scene_add test success*********** test_scene_edit test_run_scene_edit
2020-04-13 10:18:06 test_scene_edit.py[70] INFO **********scene_add test success*********** test_scene_edit test_run_scene_edit
2020-04-13 10:18:07 test_scene_edit.py[70] INFO **********scene_add test success*********** test_scene_edit test_run_scene_edit
2020-04-13 10:18:07 test_scene_edit.py[70] INFO **********scene_add test success*********** test_scene_edit test_run_scene_edit
2020-04-13 10:18:08 test_room_add.py[53] INFO **********room_add test success*********** test_room_add test_run_room_add
2020-04-13 10:18:08 test_room_add.py[53] INFO **********room_add test success*********** test_room_add test_run_room_add
2020-04-13 10:18:08 test_room_add.py[53] INFO **********room_add test success*********** test_room_add test_run_room_add
2020-04-13 10:18:09 test_room_add.py[53] INFO **********room_add test success*********** test_room_add test_run_room_add
2020-04-13 10:18:09 test_room_add.py[53] INFO **********room_add test success*********** test_room_add test_run_room_add
2020-04-13 10:18:10 test_room_add.py[53] INFO **********room_add test success*********** test_room_add test_run_room_add
2020-04-13 10:18:10 test_room_add.py[53] INFO **********room_add test success*********** test_room_add test_run_room_add
2020-04-13 10:18:11 test_room_add.py[53] INFO **********room_add test success*********** test_room_add test_run_room_add
2020-04-13 10:18:11 test_room_add.py[53] INFO **********room_add test success*********** test_room_add test_run_room_add
2020-04-13 10:18:11 test_room_add.py[53] INFO **********room_add test success*********** test_room_add test_run_room_add
2020-04-13 10:18:11 test_room_add.py[53] INFO **********room_add test success*********** test_room_add test_run_room_add
2020-04-13 10:18:12 test_room_add.py[53] INFO **********room_add test success*********** test_room_add test_run_room_add
2020-04-13 10:18:12 test_room_add.py[53] INFO **********room_add test success*********** test_room_add test_run_room_add
2020-04-13 10:18:12 test_room_add.py[53] INFO **********room_add test success*********** test_room_add test_run_room_add
2020-04-13 10:18:12 test_room_add.py[53] INFO **********room_add test success*********** test_room_add test_run_room_add
2020-04-13 10:18:13 test_room_add.py[53] INFO **********room_add test success*********** test_room_add test_run_room_add
2020-04-13 10:18:13 test_room_add.py[53] INFO **********room_add test success*********** test_room_add test_run_room_add
2020-04-13 10:18:13 test_room_add.py[57] INFO **********room_add test fail*********** test_room_add test_run_room_add
2020-04-13 10:18:14 test_room_add.py[57] INFO **********room_add test fail*********** test_room_add test_run_room_add
2020-04-13 10:18:14 test_room_add.py[53] INFO **********room_add test success*********** test_room_add test_run_room_add
2020-04-13 10:18:14 test_room_add.py[53] INFO **********room_add test success*********** test_room_add test_run_room_add
2020-04-13 10:18:14 test_room_add.py[53] INFO **********room_add test success*********** test_room_add test_run_room_add
2020-04-13 10:18:15 test_room_add.py[53] INFO **********room_add test success*********** test_room_add test_run_room_add
2020-04-13 10:18:15 test_room_add.py[53] INFO **********room_add test success*********** test_room_add test_run_room_add
2020-04-13 10:18:15 test_room_add.py[53] INFO **********room_add test success*********** test_room_add test_run_room_add
2020-04-13 10:18:15 test_room_add.py[53] INFO **********room_add test success*********** test_room_add test_run_room_add
2020-04-13 10:18:16 test_room_add.py[53] INFO **********room_add test success*********** test_room_add test_run_room_add
2020-04-13 10:18:16 test_room_add.py[53] INFO **********room_add test success*********** test_room_add test_run_room_add
2020-04-13 10:18:19 test_room_getAll.py[55] INFO **********room_getAll test success*********** test_room_getAll test_run_room_getAll
2020-04-13 10:18:20 test_room_getAll.py[55] INFO **********room_getAll test success*********** test_room_getAll test_run_room_getAll
2020-04-13 10:18:20 test_room_getAll.py[55] INFO **********room_getAll test success*********** test_room_getAll test_run_room_getAll
2020-04-13 10:18:20 test_room_getAll.py[55] INFO **********room_getAll test success*********** test_room_getAll test_run_room_getAll
2020-04-13 10:18:20 test_room_getAll.py[55] INFO **********room_getAll test success*********** test_room_getAll test_run_room_getAll
2020-04-13 10:18:21 test_room_getAll.py[55] INFO **********room_getAll test success*********** test_room_getAll test_run_room_getAll
2020-04-13 10:18:21 test_room_getAll.py[55] INFO **********room_getAll test success*********** test_room_getAll test_run_room_getAll
2020-04-13 10:18:23 test_room_edit.py[56] INFO **********room_edit test success*********** test_room_edit test_run_room_edit
2020-04-13 10:18:23 test_room_edit.py[56] INFO **********room_edit test success*********** test_room_edit test_run_room_edit
2020-04-13 10:18:24 test_room_edit.py[60] INFO **********room_edit test fail*********** test_room_edit test_run_room_edit
2020-04-13 10:18:24 test_room_edit.py[56] INFO **********room_edit test success*********** test_room_edit test_run_room_edit
2020-04-13 10:18:24 test_room_edit.py[56] INFO **********room_edit test success*********** test_room_edit test_run_room_edit
2020-04-13 10:18:24 test_room_edit.py[56] INFO **********room_edit test success*********** test_room_edit test_run_room_edit
2020-04-13 10:18:25 test_room_edit.py[56] INFO **********room_edit test success*********** test_room_edit test_run_room_edit
2020-04-13 10:18:25 test_room_edit.py[56] INFO **********room_edit test success*********** test_room_edit test_run_room_edit
2020-04-13 10:18:25 test_room_edit.py[56] INFO **********room_edit test success*********** test_room_edit test_run_room_edit
2020-04-13 10:18:25 test_room_edit.py[56] INFO **********room_edit test success*********** test_room_edit test_run_room_edit
2020-04-13 10:18:26 test_room_edit.py[56] INFO **********room_edit test success*********** test_room_edit test_run_room_edit
2020-04-13 10:18:26 test_room_edit.py[56] INFO **********room_edit test success*********** test_room_edit test_run_room_edit
2020-04-13 10:18:27 test_room_edit.py[56] INFO **********room_edit test success*********** test_room_edit test_run_room_edit
2020-04-13 10:18:27 test_room_edit.py[56] INFO **********room_edit test success*********** test_room_edit test_run_room_edit
2020-04-13 10:18:27 test_room_edit.py[56] INFO **********room_edit test success*********** test_room_edit test_run_room_edit
2020-04-13 10:18:27 test_room_edit.py[56] INFO **********room_edit test success*********** test_room_edit test_run_room_edit
2020-04-13 10:18:28 test_room_edit.py[56] INFO **********room_edit test success*********** test_room_edit test_run_room_edit
2020-04-13 10:18:28 test_room_edit.py[60] INFO **********room_edit test fail*********** test_room_edit test_run_room_edit
2020-04-13 10:18:29 test_room_edit.py[60] INFO **********room_edit test fail*********** test_room_edit test_run_room_edit
2020-04-13 10:18:29 test_room_edit.py[56] INFO **********room_edit test success*********** test_room_edit test_run_room_edit
2020-04-13 10:18:30 test_room_edit.py[56] INFO **********room_edit test success*********** test_room_edit test_run_room_edit
2020-04-13 10:18:30 test_room_edit.py[56] INFO **********room_edit test success*********** test_room_edit test_run_room_edit
2020-04-13 10:18:30 test_room_edit.py[56] INFO **********room_edit test success*********** test_room_edit test_run_room_edit
2020-04-13 10:18:30 test_room_edit.py[56] INFO **********room_edit test success*********** test_room_edit test_run_room_edit
2020-04-13 10:18:31 test_room_edit.py[56] INFO **********room_edit test success*********** test_room_edit test_run_room_edit
2020-04-13 10:18:31 test_room_edit.py[56] INFO **********room_edit test success*********** test_room_edit test_run_room_edit
2020-04-13 10:18:32 test_room_edit.py[56] INFO **********room_edit test success*********** test_room_edit test_run_room_edit
2020-04-13 10:18:32 test_room_edit.py[56] INFO **********room_edit test success*********** test_room_edit test_run_room_edit
2020-04-13 10:18:33 test_room_edit.py[56] INFO **********room_edit test success*********** test_room_edit test_run_room_edit
2020-04-13 10:18:33 test_room_edit.py[56] INFO **********room_edit test success*********** test_room_edit test_run_room_edit
2020-04-13 10:18:33 test_room_edit.py[56] INFO **********room_edit test success*********** test_room_edit test_run_room_edit
2020-04-13 10:18:33 test_room_edit.py[56] INFO **********room_edit test success*********** test_room_edit test_run_room_edit
2020-04-13 10:18:34 test_room_edit.py[56] INFO **********room_edit test success*********** test_room_edit test_run_room_edit
2020-04-13 10:18:35 test_room_edit.py[56] INFO **********room_edit test success*********** test_room_edit test_run_room_edit
2020-04-13 10:18:36 test_room_del.py[55] INFO **********room_del test success*********** test_room_del test_run_room_del
2020-04-13 10:18:36 test_room_del.py[55] INFO **********room_del test success*********** test_room_del test_run_room_del
2020-04-13 10:18:37 test_room_del.py[55] INFO **********room_del test success*********** test_room_del test_run_room_del
2020-04-13 10:18:38 test_room_del.py[55] INFO **********room_del test success*********** test_room_del test_run_room_del
2020-04-13 10:18:38 test_room_del.py[55] INFO **********room_del test success*********** test_room_del test_run_room_del
2020-04-13 10:18:38 test_room_del.py[55] INFO **********room_del test success*********** test_room_del test_run_room_del
2020-04-13 10:18:38 test_room_del.py[55] INFO **********room_del test success*********** test_room_del test_run_room_del
2020-04-13 10:18:39 test_room_del.py[55] INFO **********room_del test success*********** test_room_del test_run_room_del
2020-04-13 10:18:39 test_room_del.py[59] INFO **********room_del test fail*********** test_room_del test_run_room_del
2020-04-13 10:18:39 test_firm_add.py[47] INFO **********firm_add test success*********** test_firm_add test_run_firm_add
2020-04-13 10:18:40 test_firm_add.py[47] INFO **********firm_add test success*********** test_firm_add test_run_firm_add
2020-04-13 10:18:40 test_firm_add.py[47] INFO **********firm_add test success*********** test_firm_add test_run_firm_add
2020-04-13 10:18:40 test_firm_add.py[47] INFO **********firm_add test success*********** test_firm_add test_run_firm_add
2020-04-13 10:18:40 test_firm_add.py[47] INFO **********firm_add test success*********** test_firm_add test_run_firm_add
2020-04-13 10:18:41 test_firm_add.py[47] INFO **********firm_add test success*********** test_firm_add test_run_firm_add
2020-04-13 10:18:41 test_firm_add.py[47] INFO **********firm_add test success*********** test_firm_add test_run_firm_add
2020-04-13 10:18:41 test_firm_add.py[47] INFO **********firm_add test success*********** test_firm_add test_run_firm_add
2020-04-13 10:18:41 test_firm_add.py[47] INFO **********firm_add test success*********** test_firm_add test_run_firm_add
2020-04-13 10:18:42 test_firm_add.py[47] INFO **********firm_add test success*********** test_firm_add test_run_firm_add
2020-04-13 10:18:42 test_firm_add.py[47] INFO **********firm_add test success*********** test_firm_add test_run_firm_add
2020-04-13 10:18:42 test_firm_add.py[51] INFO **********firm_add test fail*********** test_firm_add test_run_firm_add
2020-04-13 10:18:42 test_firm_add.py[51] INFO **********firm_add test fail*********** test_firm_add test_run_firm_add
2020-04-13 10:18:43 test_firm_add.py[47] INFO **********firm_add test success*********** test_firm_add test_run_firm_add
2020-04-13 10:18:43 test_firm_add.py[51] INFO **********firm_add test fail*********** test_firm_add test_run_firm_add
2020-04-13 10:18:44 test_firm_add.py[47] INFO **********firm_add test success*********** test_firm_add test_run_firm_add
2020-04-13 10:18:44 test_firm_add.py[47] INFO **********firm_add test success*********** test_firm_add test_run_firm_add
2020-04-13 10:18:45 test_firm_add.py[47] INFO **********firm_add test success*********** test_firm_add test_run_firm_add
2020-04-13 10:18:45 test_firm_add.py[47] INFO **********firm_add test success*********** test_firm_add test_run_firm_add
2020-04-13 10:18:46 test_firm_add.py[47] INFO **********firm_add test success*********** test_firm_add test_run_firm_add
2020-04-13 10:18:46 test_firm_add.py[47] INFO **********firm_add test success*********** test_firm_add test_run_firm_add
2020-04-13 10:18:46 test_firm_add.py[47] INFO **********firm_add test success*********** test_firm_add test_run_firm_add
2020-04-13 10:18:46 test_firm_add.py[47] INFO **********firm_add test success*********** test_firm_add test_run_firm_add
2020-04-13 10:18:47 test_firm_add.py[47] INFO **********firm_add test success*********** test_firm_add test_run_firm_add
2020-04-13 10:18:47 test_firm_add.py[47] INFO **********firm_add test success*********** test_firm_add test_run_firm_add
2020-04-13 10:18:47 test_firm_add.py[47] INFO **********firm_add test success*********** test_firm_add test_run_firm_add
2020-04-13 10:18:47 test_firm_add.py[47] INFO **********firm_add test success*********** test_firm_add test_run_firm_add
2020-04-13 10:18:48 test_firm_add.py[47] INFO **********firm_add test success*********** test_firm_add test_run_firm_add
2020-04-13 10:18:48 test_firm_add.py[47] INFO **********firm_add test success*********** test_firm_add test_run_firm_add
2020-04-13 10:18:48 test_firm_add.py[47] INFO **********firm_add test success*********** test_firm_add test_run_firm_add
2020-04-13 10:18:49 test_firm_add.py[47] INFO **********firm_add test success*********** test_firm_add test_run_firm_add
2020-04-13 10:18:49 test_firm_add.py[47] INFO **********firm_add test success*********** test_firm_add test_run_firm_add
2020-04-13 10:18:49 test_firm_add.py[47] INFO **********firm_add test success*********** test_firm_add test_run_firm_add
2020-04-13 10:18:49 test_firm_add.py[47] INFO **********firm_add test success*********** test_firm_add test_run_firm_add
2020-04-13 10:18:50 test_firm_add.py[47] INFO **********firm_add test success*********** test_firm_add test_run_firm_add
2020-04-13 10:18:50 test_firm_add.py[47] INFO **********firm_add test success*********** test_firm_add test_run_firm_add
2020-04-13 10:18:50 test_firm_add.py[47] INFO **********firm_add test success*********** test_firm_add test_run_firm_add
2020-04-13 10:18:51 test_firm_add.py[47] INFO **********firm_add test success*********** test_firm_add test_run_firm_add
2020-04-13 10:18:54 test_firm_getAll.py[47] INFO **********firm_add test success*********** test_firm_getAll test_run_firm_getAll
2020-04-13 10:18:55 test_firm_edit.py[51] INFO **********firm_edit test success*********** test_firm_edit test_run_firm_edit
2020-04-13 10:18:55 test_firm_edit.py[51] INFO **********firm_edit test success*********** test_firm_edit test_run_firm_edit
2020-04-13 10:18:55 test_firm_edit.py[55] INFO **********firm_edit test fail*********** test_firm_edit test_run_firm_edit
2020-04-13 10:18:56 test_firm_edit.py[51] INFO **********firm_edit test success*********** test_firm_edit test_run_firm_edit
2020-04-13 10:18:56 test_firm_edit.py[51] INFO **********firm_edit test success*********** test_firm_edit test_run_firm_edit
2020-04-13 10:18:56 test_firm_edit.py[51] INFO **********firm_edit test success*********** test_firm_edit test_run_firm_edit
2020-04-13 10:18:56 test_firm_edit.py[51] INFO **********firm_edit test success*********** test_firm_edit test_run_firm_edit
2020-04-13 10:18:58 test_firm_edit.py[51] INFO **********firm_edit test success*********** test_firm_edit test_run_firm_edit
2020-04-13 10:18:58 test_firm_edit.py[51] INFO **********firm_edit test success*********** test_firm_edit test_run_firm_edit
2020-04-13 10:18:58 test_firm_edit.py[51] INFO **********firm_edit test success*********** test_firm_edit test_run_firm_edit
2020-04-13 10:18:59 test_firm_edit.py[51] INFO **********firm_edit test success*********** test_firm_edit test_run_firm_edit
2020-04-13 10:18:59 test_firm_edit.py[55] INFO **********firm_edit test fail*********** test_firm_edit test_run_firm_edit
2020-04-13 10:19:00 test_firm_edit.py[55] INFO **********firm_edit test fail*********** test_firm_edit test_run_firm_edit
2020-04-13 10:19:00 test_firm_edit.py[51] INFO **********firm_edit test success*********** test_firm_edit test_run_firm_edit
2020-04-13 10:19:01 test_firm_edit.py[55] INFO **********firm_edit test fail*********** test_firm_edit test_run_firm_edit
2020-04-13 10:19:01 test_firm_edit.py[51] INFO **********firm_edit test success*********** test_firm_edit test_run_firm_edit
2020-04-13 10:19:02 test_firm_edit.py[51] INFO **********firm_edit test success*********** test_firm_edit test_run_firm_edit
2020-04-13 10:19:02 test_firm_edit.py[51] INFO **********firm_edit test success*********** test_firm_edit test_run_firm_edit
2020-04-13 10:19:02 test_firm_edit.py[51] INFO **********firm_edit test success*********** test_firm_edit test_run_firm_edit
2020-04-13 10:19:02 test_firm_edit.py[51] INFO **********firm_edit test success*********** test_firm_edit test_run_firm_edit
2020-04-13 10:19:03 test_firm_edit.py[55] INFO **********firm_edit test fail*********** test_firm_edit test_run_firm_edit
2020-04-13 10:19:04 test_firm_edit.py[55] INFO **********firm_edit test fail*********** test_firm_edit test_run_firm_edit
2020-04-13 10:19:05 test_firm_edit.py[51] INFO **********firm_edit test success*********** test_firm_edit test_run_firm_edit
2020-04-13 10:19:05 test_firm_edit.py[51] INFO **********firm_edit test success*********** test_firm_edit test_run_firm_edit
2020-04-13 10:19:06 test_firm_edit.py[51] INFO **********firm_edit test success*********** test_firm_edit test_run_firm_edit
2020-04-13 10:19:06 test_firm_edit.py[51] INFO **********firm_edit test success*********** test_firm_edit test_run_firm_edit
2020-04-13 10:19:06 test_firm_edit.py[51] INFO **********firm_edit test success*********** test_firm_edit test_run_firm_edit
2020-04-13 10:19:07 test_firm_edit.py[51] INFO **********firm_edit test success*********** test_firm_edit test_run_firm_edit
2020-04-13 10:19:07 test_firm_edit.py[51] INFO **********firm_edit test success*********** test_firm_edit test_run_firm_edit
2020-04-13 10:19:07 test_firm_edit.py[51] INFO **********firm_edit test success*********** test_firm_edit test_run_firm_edit
2020-04-13 10:19:07 test_firm_edit.py[51] INFO **********firm_edit test success*********** test_firm_edit test_run_firm_edit
2020-04-13 10:19:08 test_firm_edit.py[51] INFO **********firm_edit test success*********** test_firm_edit test_run_firm_edit
2020-04-13 10:19:08 test_firm_edit.py[51] INFO **********firm_edit test success*********** test_firm_edit test_run_firm_edit
2020-04-13 10:19:08 test_firm_edit.py[51] INFO **********firm_edit test success*********** test_firm_edit test_run_firm_edit
2020-04-13 10:19:08 test_firm_edit.py[51] INFO **********firm_edit test success*********** test_firm_edit test_run_firm_edit
2020-04-13 10:19:09 test_firm_edit.py[51] INFO **********firm_edit test success*********** test_firm_edit test_run_firm_edit
2020-04-13 10:19:09 test_firm_edit.py[51] INFO **********firm_edit test success*********** test_firm_edit test_run_firm_edit
2020-04-13 10:19:09 test_firm_edit.py[51] INFO **********firm_edit test success*********** test_firm_edit test_run_firm_edit
2020-04-13 10:19:11 test_firm_edit.py[51] INFO **********firm_edit test success*********** test_firm_edit test_run_firm_edit
2020-04-13 10:19:11 test_firm_edit.py[51] INFO **********firm_edit test success*********** test_firm_edit test_run_firm_edit
2020-04-13 10:19:11 test_firm_edit.py[51] INFO **********firm_edit test success*********** test_firm_edit test_run_firm_edit
2020-04-13 10:19:12 test_firm_edit.py[51] INFO **********firm_edit test success*********** test_firm_edit test_run_firm_edit
2020-04-13 10:19:12 test_firm_edit.py[51] INFO **********firm_edit test success*********** test_firm_edit test_run_firm_edit
2020-04-13 10:19:12 test_firm_edit.py[51] INFO **********firm_edit test success*********** test_firm_edit test_run_firm_edit
2020-04-13 10:19:14 test_firm_del.py[52] INFO **********firm_del test success*********** test_firm_del test_run_firm_del
2020-04-13 10:19:14 test_firm_del.py[52] INFO **********firm_del test success*********** test_firm_del test_run_firm_del
2020-04-13 10:19:14 test_firm_del.py[52] INFO **********firm_del test success*********** test_firm_del test_run_firm_del
2020-04-13 10:19:15 test_firm_del.py[52] INFO **********firm_del test success*********** test_firm_del test_run_firm_del
2020-04-13 10:19:15 test_firm_del.py[52] INFO **********firm_del test success*********** test_firm_del test_run_firm_del
2020-04-13 10:19:15 test_firm_del.py[52] INFO **********firm_del test success*********** test_firm_del test_run_firm_del
2020-04-13 10:19:15 test_firm_del.py[52] INFO **********firm_del test success*********** test_firm_del test_run_firm_del
2020-04-13 10:19:16 test_firm_del.py[52] INFO **********firm_del test success*********** test_firm_del test_run_firm_del
2020-04-13 10:19:16 test_product_add.py[52] INFO **********product_add test success*********** test_product_add test_run_product_add
2020-04-13 10:19:17 test_product_add.py[52] INFO **********product_add test success*********** test_product_add test_run_product_add
2020-04-13 10:19:18 test_product_add.py[52] INFO **********product_add test success*********** test_product_add test_run_product_add
2020-04-13 10:19:18 test_product_add.py[52] INFO **********product_add test success*********** test_product_add test_run_product_add
2020-04-13 10:19:18 test_product_add.py[52] INFO **********product_add test success*********** test_product_add test_run_product_add
2020-04-13 10:19:19 test_product_add.py[52] INFO **********product_add test success*********** test_product_add test_run_product_add
2020-04-13 10:19:19 test_product_add.py[52] INFO **********product_add test success*********** test_product_add test_run_product_add
2020-04-13 10:19:19 test_product_add.py[52] INFO **********product_add test success*********** test_product_add test_run_product_add
2020-04-13 10:19:19 test_product_add.py[52] INFO **********product_add test success*********** test_product_add test_run_product_add
2020-04-13 10:19:20 test_product_add.py[52] INFO **********product_add test success*********** test_product_add test_run_product_add
2020-04-13 10:19:20 test_product_add.py[52] INFO **********product_add test success*********** test_product_add test_run_product_add
2020-04-13 10:19:20 test_product_add.py[52] INFO **********product_add test success*********** test_product_add test_run_product_add
2020-04-13 10:19:21 test_product_add.py[52] INFO **********product_add test success*********** test_product_add test_run_product_add
2020-04-13 10:19:21 test_product_add.py[52] INFO **********product_add test success*********** test_product_add test_run_product_add
2020-04-13 10:19:21 test_product_add.py[52] INFO **********product_add test success*********** test_product_add test_run_product_add
2020-04-13 10:19:23 test_product_add.py[52] INFO **********product_add test success*********** test_product_add test_run_product_add
2020-04-13 10:19:24 test_product_add.py[52] INFO **********product_add test success*********** test_product_add test_run_product_add
2020-04-13 10:19:25 test_product_add.py[52] INFO **********product_add test success*********** test_product_add test_run_product_add
2020-04-13 10:19:25 test_product_add.py[52] INFO **********product_add test success*********** test_product_add test_run_product_add
2020-04-13 10:19:25 test_product_add.py[52] INFO **********product_add test success*********** test_product_add test_run_product_add
2020-04-13 10:19:26 test_product_add.py[52] INFO **********product_add test success*********** test_product_add test_run_product_add
2020-04-13 10:19:26 test_product_add.py[52] INFO **********product_add test success*********** test_product_add test_run_product_add
2020-04-13 10:19:26 test_product_add.py[52] INFO **********product_add test success*********** test_product_add test_run_product_add
2020-04-13 10:19:26 test_product_add.py[52] INFO **********product_add test success*********** test_product_add test_run_product_add
2020-04-13 10:19:27 test_product_add.py[52] INFO **********product_add test success*********** test_product_add test_run_product_add
2020-04-13 10:19:27 test_product_add.py[52] INFO **********product_add test success*********** test_product_add test_run_product_add
2020-04-13 10:19:29 test_product_getById.py[57] INFO **********product_getById test success*********** test_product_getById test_run_product_getById
2020-04-13 10:19:29 test_product_getById.py[61] INFO **********product_getById test fail*********** test_product_getById test_run_product_getById
2020-04-13 10:19:29 test_product_getById.py[57] INFO **********product_getById test success*********** test_product_getById test_run_product_getById
2020-04-13 10:19:30 test_product_getById.py[57] INFO **********product_getById test success*********** test_product_getById test_run_product_getById
2020-04-13 10:19:30 test_product_getById.py[57] INFO **********product_getById test success*********** test_product_getById test_run_product_getById
2020-04-13 10:19:30 test_product_getById.py[57] INFO **********product_getById test success*********** test_product_getById test_run_product_getById
2020-04-13 10:19:31 test_product_getById.py[57] INFO **********product_getById test success*********** test_product_getById test_run_product_getById
2020-04-13 10:19:31 test_product_getById.py[57] INFO **********product_getById test success*********** test_product_getById test_run_product_getById
2020-04-13 10:19:33 test_product_getByPage.py[47] INFO **********product_get test success*********** test_product_getByPage test_run_product_getByPage
2020-04-13 10:19:33 test_product_getByPage.py[47] INFO **********product_get test success*********** test_product_getByPage test_run_product_getByPage
2020-04-13 10:19:33 test_product_getByPage.py[47] INFO **********product_get test success*********** test_product_getByPage test_run_product_getByPage
2020-04-13 10:19:33 test_product_getByPage.py[51] INFO **********product_get test fail*********** test_product_getByPage test_run_product_getByPage
2020-04-13 10:19:34 test_product_getByPage.py[47] INFO **********product_get test success*********** test_product_getByPage test_run_product_getByPage
2020-04-13 10:19:34 test_product_getByPage.py[47] INFO **********product_get test success*********** test_product_getByPage test_run_product_getByPage
2020-04-13 10:19:34 test_product_getByPage.py[47] INFO **********product_get test success*********** test_product_getByPage test_run_product_getByPage
2020-04-13 10:19:34 test_product_getByPage.py[47] INFO **********product_get test success*********** test_product_getByPage test_run_product_getByPage
2020-04-13 10:19:35 test_product_getByPage.py[47] INFO **********product_get test success*********** test_product_getByPage test_run_product_getByPage
2020-04-13 10:19:35 test_product_getByPage.py[47] INFO **********product_get test success*********** test_product_getByPage test_run_product_getByPage
2020-04-13 10:19:35 test_product_getByPage.py[47] INFO **********product_get test success*********** test_product_getByPage test_run_product_getByPage
2020-04-13 10:19:35 test_product_getByPage.py[47] INFO **********product_get test success*********** test_product_getByPage test_run_product_getByPage
2020-04-13 10:19:36 test_product_getByPage.py[47] INFO **********product_get test success*********** test_product_getByPage test_run_product_getByPage
2020-04-13 10:19:36 test_product_getByPage.py[47] INFO **********product_get test success*********** test_product_getByPage test_run_product_getByPage
2020-04-13 10:19:36 test_product_getByPage.py[47] INFO **********product_get test success*********** test_product_getByPage test_run_product_getByPage
2020-04-13 10:19:37 test_product_getByPage.py[51] INFO **********product_get test fail*********** test_product_getByPage test_run_product_getByPage
2020-04-13 10:19:38 test_product_edit.py[57] INFO **********product_edit test success*********** test_product_edit test_run_product_edit
2020-04-13 10:19:39 test_product_edit.py[57] INFO **********product_edit test success*********** test_product_edit test_run_product_edit
2020-04-13 10:19:39 test_product_edit.py[57] INFO **********product_edit test success*********** test_product_edit test_run_product_edit
2020-04-13 10:19:39 test_product_edit.py[57] INFO **********product_edit test success*********** test_product_edit test_run_product_edit
2020-04-13 10:19:39 test_product_edit.py[57] INFO **********product_edit test success*********** test_product_edit test_run_product_edit
2020-04-13 10:19:40 test_product_edit.py[57] INFO **********product_edit test success*********** test_product_edit test_run_product_edit
2020-04-13 10:19:40 test_product_edit.py[57] INFO **********product_edit test success*********** test_product_edit test_run_product_edit
2020-04-13 10:19:40 test_product_edit.py[61] INFO **********product_edit test fail*********** test_product_edit test_run_product_edit
2020-04-13 10:19:40 test_product_edit.py[57] INFO **********product_edit test success*********** test_product_edit test_run_product_edit
2020-04-13 10:19:41 test_product_edit.py[57] INFO **********product_edit test success*********** test_product_edit test_run_product_edit
2020-04-13 10:19:41 test_product_edit.py[57] INFO **********product_edit test success*********** test_product_edit test_run_product_edit
2020-04-13 10:19:41 test_product_edit.py[57] INFO **********product_edit test success*********** test_product_edit test_run_product_edit
2020-04-13 10:19:41 test_product_edit.py[57] INFO **********product_edit test success*********** test_product_edit test_run_product_edit
2020-04-13 10:19:42 test_product_edit.py[57] INFO **********product_edit test success*********** test_product_edit test_run_product_edit
2020-04-13 10:19:42 test_product_edit.py[57] INFO **********product_edit test success*********** test_product_edit test_run_product_edit
2020-04-13 10:19:42 test_product_edit.py[57] INFO **********product_edit test success*********** test_product_edit test_run_product_edit
2020-04-13 10:19:43 test_product_edit.py[57] INFO **********product_edit test success*********** test_product_edit test_run_product_edit
2020-04-13 10:19:43 test_product_edit.py[57] INFO **********product_edit test success*********** test_product_edit test_run_product_edit
2020-04-13 10:19:43 test_product_edit.py[61] INFO **********product_edit test fail*********** test_product_edit test_run_product_edit
2020-04-13 10:19:44 test_product_edit.py[57] INFO **********product_edit test success*********** test_product_edit test_run_product_edit
2020-04-13 10:19:44 test_product_edit.py[57] INFO **********product_edit test success*********** test_product_edit test_run_product_edit
2020-04-13 10:19:44 test_product_edit.py[57] INFO **********product_edit test success*********** test_product_edit test_run_product_edit
2020-04-13 10:19:45 test_product_edit.py[57] INFO **********product_edit test success*********** test_product_edit test_run_product_edit
2020-04-13 10:19:45 test_product_edit.py[57] INFO **********product_edit test success*********** test_product_edit test_run_product_edit
2020-04-13 10:19:45 test_product_edit.py[57] INFO **********product_edit test success*********** test_product_edit test_run_product_edit
2020-04-13 10:19:46 test_product_edit.py[61] INFO **********product_edit test fail*********** test_product_edit test_run_product_edit
2020-04-13 10:19:46 test_product_edit.py[57] INFO **********product_edit test success*********** test_product_edit test_run_product_edit
2020-04-13 10:19:46 test_product_edit.py[57] INFO **********product_edit test success*********** test_product_edit test_run_product_edit
2020-04-13 10:19:46 test_product_edit.py[57] INFO **********product_edit test success*********** test_product_edit test_run_product_edit
2020-04-13 10:19:47 test_product_edit.py[57] INFO **********product_edit test success*********** test_product_edit test_run_product_edit
2020-04-13 10:19:47 test_product_edit.py[57] INFO **********product_edit test success*********** test_product_edit test_run_product_edit
2020-04-13 10:19:47 test_product_edit.py[57] INFO **********product_edit test success*********** test_product_edit test_run_product_edit
2020-04-13 10:19:49 test_product_del.py[57] INFO **********product_del test success*********** test_product_del test_run_product_del
2020-04-13 10:19:49 test_product_del.py[57] INFO **********product_del test success*********** test_product_del test_run_product_del
2020-04-13 10:19:50 test_product_del.py[57] INFO **********product_del test success*********** test_product_del test_run_product_del
2020-04-13 10:19:50 test_product_del.py[57] INFO **********product_del test success*********** test_product_del test_run_product_del
2020-04-13 10:19:51 test_product_del.py[57] INFO **********product_del test success*********** test_product_del test_run_product_del
2020-04-13 10:19:51 test_product_del.py[57] INFO **********product_del test success*********** test_product_del test_run_product_del
2020-04-13 10:19:52 test_product_del.py[57] INFO **********product_del test success*********** test_product_del test_run_product_del
2020-04-13 10:19:52 test_product_del.py[57] INFO **********product_del test success*********** test_product_del test_run_product_del
