2020-04-11 19:06:48 test_login.py[45] INFO **********login test success*********** test_login test_login
2020-04-11 19:06:48 test_login.py[45] INFO **********login test success*********** test_login test_login
2020-04-11 19:06:48 test_login.py[45] INFO **********login test success*********** test_login test_login
2020-04-11 19:06:49 test_login.py[45] INFO **********login test success*********** test_login test_login
2020-04-11 19:06:49 test_login.py[45] INFO **********login test success*********** test_login test_login
2020-04-11 19:06:49 test_login.py[45] INFO **********login test success*********** test_login test_login
2020-04-11 19:06:49 test_login.py[45] INFO **********login test success*********** test_login test_login
2020-04-11 19:06:50 test_scene_add.py[64] INFO **********scene_add test success*********** test_scene_add test_run_scene_add
2020-04-11 19:06:50 test_scene_add.py[64] INFO **********scene_add test success*********** test_scene_add test_run_scene_add
2020-04-11 19:06:50 test_scene_add.py[64] INFO **********scene_add test success*********** test_scene_add test_run_scene_add
2020-04-11 19:06:51 test_scene_add.py[64] INFO **********scene_add test success*********** test_scene_add test_run_scene_add
2020-04-11 19:06:51 test_scene_add.py[64] INFO **********scene_add test success*********** test_scene_add test_run_scene_add
2020-04-11 19:06:51 test_scene_add.py[64] INFO **********scene_add test success*********** test_scene_add test_run_scene_add
2020-04-11 19:06:52 test_scene_add.py[64] INFO **********scene_add test success*********** test_scene_add test_run_scene_add
2020-04-11 19:06:53 test_scene_del.py[100] INFO **********scene_del test success*********** test_scene_del test_run_scene_del_error
2020-04-11 19:06:53 test_scene_del.py[100] INFO **********scene_del test success*********** test_scene_del test_run_scene_del_error
2020-04-11 19:06:53 test_scene_del.py[100] INFO **********scene_del test success*********** test_scene_del test_run_scene_del_error
2020-04-11 19:06:54 test_scene_del.py[100] INFO **********scene_del test success*********** test_scene_del test_run_scene_del_error
2020-04-11 19:06:54 test_scene_del.py[100] INFO **********scene_del test success*********** test_scene_del test_run_scene_del_error
2020-04-11 19:06:54 test_scene_del.py[100] INFO **********scene_del test success*********** test_scene_del test_run_scene_del_error
2020-04-11 19:06:55 test_scene_del.py[100] INFO **********scene_del test success*********** test_scene_del test_run_scene_del_error
2020-04-11 19:06:55 test_scene_getAll.py[74] INFO **********scene_getAll test fail*********** test_scene_getAll test_run_scene_getAll
2020-04-11 19:06:55 test_scene_getAll.py[70] INFO **********scene_getAll test success*********** test_scene_getAll test_run_scene_getAll
2020-04-11 19:06:56 test_scene_getAll.py[70] INFO **********scene_getAll test success*********** test_scene_getAll test_run_scene_getAll
2020-04-11 19:06:56 test_scene_edit.py[70] INFO **********scene_add test success*********** test_scene_edit test_run_scene_edit
2020-04-11 19:06:56 test_scene_edit.py[70] INFO **********scene_add test success*********** test_scene_edit test_run_scene_edit
2020-04-11 19:06:57 test_scene_edit.py[70] INFO **********scene_add test success*********** test_scene_edit test_run_scene_edit
2020-04-11 19:06:57 test_scene_edit.py[74] INFO **********scene_add test fail*********** test_scene_edit test_run_scene_edit
2020-04-11 19:06:57 test_scene_edit.py[70] INFO **********scene_add test success*********** test_scene_edit test_run_scene_edit
2020-04-11 19:06:57 test_scene_edit.py[70] INFO **********scene_add test success*********** test_scene_edit test_run_scene_edit
2020-04-11 19:06:58 test_scene_edit.py[70] INFO **********scene_add test success*********** test_scene_edit test_run_scene_edit
2020-04-11 19:06:58 test_scene_edit.py[70] INFO **********scene_add test success*********** test_scene_edit test_run_scene_edit
2020-04-11 19:06:58 test_scene_edit.py[70] INFO **********scene_add test success*********** test_scene_edit test_run_scene_edit
2020-04-11 19:06:58 test_scene_edit.py[70] INFO **********scene_add test success*********** test_scene_edit test_run_scene_edit
2020-04-11 19:06:59 test_scene_edit.py[70] INFO **********scene_add test success*********** test_scene_edit test_run_scene_edit
2020-04-11 19:06:59 test_room_add.py[53] INFO **********room_add test success*********** test_room_add test_run_room_add
2020-04-11 19:06:59 test_room_add.py[53] INFO **********room_add test success*********** test_room_add test_run_room_add
2020-04-11 19:07:00 test_room_add.py[53] INFO **********room_add test success*********** test_room_add test_run_room_add
2020-04-11 19:07:00 test_room_add.py[53] INFO **********room_add test success*********** test_room_add test_run_room_add
2020-04-11 19:07:00 test_room_add.py[53] INFO **********room_add test success*********** test_room_add test_run_room_add
2020-04-11 19:07:00 test_room_add.py[53] INFO **********room_add test success*********** test_room_add test_run_room_add
2020-04-11 19:07:00 test_room_add.py[53] INFO **********room_add test success*********** test_room_add test_run_room_add
2020-04-11 19:07:01 test_room_add.py[53] INFO **********room_add test success*********** test_room_add test_run_room_add
2020-04-11 19:07:01 test_room_add.py[53] INFO **********room_add test success*********** test_room_add test_run_room_add
2020-04-11 19:07:01 test_room_add.py[53] INFO **********room_add test success*********** test_room_add test_run_room_add
2020-04-11 19:07:01 test_room_add.py[53] INFO **********room_add test success*********** test_room_add test_run_room_add
2020-04-11 19:07:01 test_room_add.py[53] INFO **********room_add test success*********** test_room_add test_run_room_add
2020-04-11 19:07:02 test_room_add.py[53] INFO **********room_add test success*********** test_room_add test_run_room_add
2020-04-11 19:07:02 test_room_add.py[53] INFO **********room_add test success*********** test_room_add test_run_room_add
2020-04-11 19:07:02 test_room_add.py[53] INFO **********room_add test success*********** test_room_add test_run_room_add
2020-04-11 19:07:02 test_room_add.py[53] INFO **********room_add test success*********** test_room_add test_run_room_add
2020-04-11 19:07:02 test_room_add.py[53] INFO **********room_add test success*********** test_room_add test_run_room_add
2020-04-11 19:07:03 test_room_add.py[57] INFO **********room_add test fail*********** test_room_add test_run_room_add
2020-04-11 19:07:03 test_room_add.py[57] INFO **********room_add test fail*********** test_room_add test_run_room_add
2020-04-11 19:07:03 test_room_add.py[53] INFO **********room_add test success*********** test_room_add test_run_room_add
2020-04-11 19:07:03 test_room_add.py[53] INFO **********room_add test success*********** test_room_add test_run_room_add
2020-04-11 19:07:03 test_room_add.py[53] INFO **********room_add test success*********** test_room_add test_run_room_add
2020-04-11 19:07:04 test_room_add.py[53] INFO **********room_add test success*********** test_room_add test_run_room_add
2020-04-11 19:07:04 test_room_add.py[53] INFO **********room_add test success*********** test_room_add test_run_room_add
2020-04-11 19:07:04 test_room_add.py[53] INFO **********room_add test success*********** test_room_add test_run_room_add
2020-04-11 19:07:04 test_room_add.py[53] INFO **********room_add test success*********** test_room_add test_run_room_add
2020-04-11 19:07:04 test_room_add.py[53] INFO **********room_add test success*********** test_room_add test_run_room_add
2020-04-11 19:07:05 test_room_add.py[53] INFO **********room_add test success*********** test_room_add test_run_room_add
2020-04-11 19:07:06 test_room_getAll.py[55] INFO **********room_getAll test success*********** test_room_getAll test_run_room_getAll
2020-04-11 19:07:06 test_room_getAll.py[55] INFO **********room_getAll test success*********** test_room_getAll test_run_room_getAll
2020-04-11 19:07:07 test_room_getAll.py[55] INFO **********room_getAll test success*********** test_room_getAll test_run_room_getAll
2020-04-11 19:07:07 test_room_getAll.py[55] INFO **********room_getAll test success*********** test_room_getAll test_run_room_getAll
2020-04-11 19:07:07 test_room_getAll.py[55] INFO **********room_getAll test success*********** test_room_getAll test_run_room_getAll
2020-04-11 19:07:07 test_room_getAll.py[55] INFO **********room_getAll test success*********** test_room_getAll test_run_room_getAll
2020-04-11 19:07:07 test_room_getAll.py[55] INFO **********room_getAll test success*********** test_room_getAll test_run_room_getAll
2020-04-11 19:07:08 test_room_edit.py[56] INFO **********room_edit test success*********** test_room_edit test_run_room_edit
2020-04-11 19:07:08 test_room_edit.py[56] INFO **********room_edit test success*********** test_room_edit test_run_room_edit
2020-04-11 19:07:08 test_room_edit.py[60] INFO **********room_edit test fail*********** test_room_edit test_run_room_edit
2020-04-11 19:07:09 test_room_edit.py[56] INFO **********room_edit test success*********** test_room_edit test_run_room_edit
2020-04-11 19:07:09 test_room_edit.py[56] INFO **********room_edit test success*********** test_room_edit test_run_room_edit
2020-04-11 19:07:09 test_room_edit.py[56] INFO **********room_edit test success*********** test_room_edit test_run_room_edit
2020-04-11 19:07:09 test_room_edit.py[56] INFO **********room_edit test success*********** test_room_edit test_run_room_edit
2020-04-11 19:07:09 test_room_edit.py[56] INFO **********room_edit test success*********** test_room_edit test_run_room_edit
2020-04-11 19:07:10 test_room_edit.py[56] INFO **********room_edit test success*********** test_room_edit test_run_room_edit
2020-04-11 19:07:10 test_room_edit.py[56] INFO **********room_edit test success*********** test_room_edit test_run_room_edit
2020-04-11 19:07:10 test_room_edit.py[56] INFO **********room_edit test success*********** test_room_edit test_run_room_edit
2020-04-11 19:07:10 test_room_edit.py[56] INFO **********room_edit test success*********** test_room_edit test_run_room_edit
2020-04-11 19:07:10 test_room_edit.py[56] INFO **********room_edit test success*********** test_room_edit test_run_room_edit
2020-04-11 19:07:11 test_room_edit.py[56] INFO **********room_edit test success*********** test_room_edit test_run_room_edit
2020-04-11 19:07:11 test_room_edit.py[56] INFO **********room_edit test success*********** test_room_edit test_run_room_edit
2020-04-11 19:07:11 test_room_edit.py[56] INFO **********room_edit test success*********** test_room_edit test_run_room_edit
2020-04-11 19:07:11 test_room_edit.py[56] INFO **********room_edit test success*********** test_room_edit test_run_room_edit
2020-04-11 19:07:11 test_room_edit.py[60] INFO **********room_edit test fail*********** test_room_edit test_run_room_edit
2020-04-11 19:07:12 test_room_edit.py[60] INFO **********room_edit test fail*********** test_room_edit test_run_room_edit
2020-04-11 19:07:12 test_room_edit.py[56] INFO **********room_edit test success*********** test_room_edit test_run_room_edit
2020-04-11 19:07:12 test_room_edit.py[56] INFO **********room_edit test success*********** test_room_edit test_run_room_edit
2020-04-11 19:07:12 test_room_edit.py[56] INFO **********room_edit test success*********** test_room_edit test_run_room_edit
2020-04-11 19:07:12 test_room_edit.py[56] INFO **********room_edit test success*********** test_room_edit test_run_room_edit
2020-04-11 19:07:13 test_room_edit.py[56] INFO **********room_edit test success*********** test_room_edit test_run_room_edit
2020-04-11 19:07:13 test_room_edit.py[56] INFO **********room_edit test success*********** test_room_edit test_run_room_edit
2020-04-11 19:07:13 test_room_edit.py[56] INFO **********room_edit test success*********** test_room_edit test_run_room_edit
2020-04-11 19:07:13 test_room_edit.py[56] INFO **********room_edit test success*********** test_room_edit test_run_room_edit
2020-04-11 19:07:13 test_room_edit.py[56] INFO **********room_edit test success*********** test_room_edit test_run_room_edit
2020-04-11 19:07:13 test_room_edit.py[56] INFO **********room_edit test success*********** test_room_edit test_run_room_edit
2020-04-11 19:07:14 test_room_edit.py[56] INFO **********room_edit test success*********** test_room_edit test_run_room_edit
2020-04-11 19:07:14 test_room_edit.py[56] INFO **********room_edit test success*********** test_room_edit test_run_room_edit
2020-04-11 19:07:14 test_room_edit.py[56] INFO **********room_edit test success*********** test_room_edit test_run_room_edit
2020-04-11 19:07:14 test_room_edit.py[56] INFO **********room_edit test success*********** test_room_edit test_run_room_edit
2020-04-11 19:07:14 test_room_edit.py[56] INFO **********room_edit test success*********** test_room_edit test_run_room_edit
2020-04-11 19:07:15 test_room_del.py[55] INFO **********room_del test success*********** test_room_del test_run_room_del
2020-04-11 19:07:15 test_room_del.py[55] INFO **********room_del test success*********** test_room_del test_run_room_del
2020-04-11 19:07:16 test_room_del.py[55] INFO **********room_del test success*********** test_room_del test_run_room_del
2020-04-11 19:07:16 test_room_del.py[55] INFO **********room_del test success*********** test_room_del test_run_room_del
2020-04-11 19:07:16 test_room_del.py[55] INFO **********room_del test success*********** test_room_del test_run_room_del
2020-04-11 19:07:16 test_room_del.py[55] INFO **********room_del test success*********** test_room_del test_run_room_del
2020-04-11 19:07:16 test_room_del.py[55] INFO **********room_del test success*********** test_room_del test_run_room_del
2020-04-11 19:07:16 test_room_del.py[55] INFO **********room_del test success*********** test_room_del test_run_room_del
2020-04-11 19:07:17 test_room_del.py[59] INFO **********room_del test fail*********** test_room_del test_run_room_del
2020-04-11 19:07:17 test_firm_add.py[47] INFO **********firm_add test success*********** test_firm_add test_run_firm_add
2020-04-11 19:07:17 test_firm_add.py[47] INFO **********firm_add test success*********** test_firm_add test_run_firm_add
2020-04-11 19:07:18 test_firm_add.py[47] INFO **********firm_add test success*********** test_firm_add test_run_firm_add
2020-04-11 19:07:18 test_firm_add.py[47] INFO **********firm_add test success*********** test_firm_add test_run_firm_add
2020-04-11 19:07:18 test_firm_add.py[47] INFO **********firm_add test success*********** test_firm_add test_run_firm_add
2020-04-11 19:07:18 test_firm_add.py[47] INFO **********firm_add test success*********** test_firm_add test_run_firm_add
2020-04-11 19:07:18 test_firm_add.py[47] INFO **********firm_add test success*********** test_firm_add test_run_firm_add
2020-04-11 19:07:19 test_firm_add.py[47] INFO **********firm_add test success*********** test_firm_add test_run_firm_add
2020-04-11 19:07:19 test_firm_add.py[47] INFO **********firm_add test success*********** test_firm_add test_run_firm_add
2020-04-11 19:07:19 test_firm_add.py[47] INFO **********firm_add test success*********** test_firm_add test_run_firm_add
2020-04-11 19:07:19 test_firm_add.py[47] INFO **********firm_add test success*********** test_firm_add test_run_firm_add
2020-04-11 19:07:19 test_firm_add.py[51] INFO **********firm_add test fail*********** test_firm_add test_run_firm_add
2020-04-11 19:07:20 test_firm_add.py[51] INFO **********firm_add test fail*********** test_firm_add test_run_firm_add
2020-04-11 19:07:20 test_firm_add.py[47] INFO **********firm_add test success*********** test_firm_add test_run_firm_add
2020-04-11 19:07:20 test_firm_add.py[51] INFO **********firm_add test fail*********** test_firm_add test_run_firm_add
2020-04-11 19:07:20 test_firm_add.py[47] INFO **********firm_add test success*********** test_firm_add test_run_firm_add
2020-04-11 19:07:20 test_firm_add.py[47] INFO **********firm_add test success*********** test_firm_add test_run_firm_add
2020-04-11 19:07:21 test_firm_add.py[47] INFO **********firm_add test success*********** test_firm_add test_run_firm_add
2020-04-11 19:07:21 test_firm_add.py[47] INFO **********firm_add test success*********** test_firm_add test_run_firm_add
2020-04-11 19:07:21 test_firm_add.py[47] INFO **********firm_add test success*********** test_firm_add test_run_firm_add
2020-04-11 19:07:21 test_firm_add.py[47] INFO **********firm_add test success*********** test_firm_add test_run_firm_add
2020-04-11 19:07:21 test_firm_add.py[47] INFO **********firm_add test success*********** test_firm_add test_run_firm_add
2020-04-11 19:07:22 test_firm_add.py[47] INFO **********firm_add test success*********** test_firm_add test_run_firm_add
2020-04-11 19:07:22 test_firm_add.py[47] INFO **********firm_add test success*********** test_firm_add test_run_firm_add
2020-04-11 19:07:22 test_firm_add.py[47] INFO **********firm_add test success*********** test_firm_add test_run_firm_add
2020-04-11 19:07:22 test_firm_add.py[47] INFO **********firm_add test success*********** test_firm_add test_run_firm_add
2020-04-11 19:07:22 test_firm_add.py[47] INFO **********firm_add test success*********** test_firm_add test_run_firm_add
2020-04-11 19:07:23 test_firm_add.py[47] INFO **********firm_add test success*********** test_firm_add test_run_firm_add
2020-04-11 19:07:23 test_firm_add.py[47] INFO **********firm_add test success*********** test_firm_add test_run_firm_add
2020-04-11 19:07:23 test_firm_add.py[47] INFO **********firm_add test success*********** test_firm_add test_run_firm_add
2020-04-11 19:07:23 test_firm_add.py[47] INFO **********firm_add test success*********** test_firm_add test_run_firm_add
2020-04-11 19:07:23 test_firm_add.py[47] INFO **********firm_add test success*********** test_firm_add test_run_firm_add
2020-04-11 19:07:24 test_firm_add.py[47] INFO **********firm_add test success*********** test_firm_add test_run_firm_add
2020-04-11 19:07:24 test_firm_add.py[47] INFO **********firm_add test success*********** test_firm_add test_run_firm_add
2020-04-11 19:07:24 test_firm_add.py[47] INFO **********firm_add test success*********** test_firm_add test_run_firm_add
2020-04-11 19:07:24 test_firm_add.py[47] INFO **********firm_add test success*********** test_firm_add test_run_firm_add
2020-04-11 19:07:24 test_firm_add.py[47] INFO **********firm_add test success*********** test_firm_add test_run_firm_add
2020-04-11 19:07:25 test_firm_add.py[47] INFO **********firm_add test success*********** test_firm_add test_run_firm_add
2020-04-11 19:07:26 test_firm_getAll.py[47] INFO **********firm_add test success*********** test_firm_getAll test_run_firm_getAll
2020-04-11 19:07:27 test_firm_edit.py[51] INFO **********firm_edit test success*********** test_firm_edit test_run_firm_edit
2020-04-11 19:07:27 test_firm_edit.py[51] INFO **********firm_edit test success*********** test_firm_edit test_run_firm_edit
2020-04-11 19:07:27 test_firm_edit.py[55] INFO **********firm_edit test fail*********** test_firm_edit test_run_firm_edit
2020-04-11 19:07:28 test_firm_edit.py[51] INFO **********firm_edit test success*********** test_firm_edit test_run_firm_edit
2020-04-11 19:07:28 test_firm_edit.py[51] INFO **********firm_edit test success*********** test_firm_edit test_run_firm_edit
2020-04-11 19:07:28 test_firm_edit.py[51] INFO **********firm_edit test success*********** test_firm_edit test_run_firm_edit
2020-04-11 19:07:28 test_firm_edit.py[51] INFO **********firm_edit test success*********** test_firm_edit test_run_firm_edit
2020-04-11 19:07:28 test_firm_edit.py[51] INFO **********firm_edit test success*********** test_firm_edit test_run_firm_edit
2020-04-11 19:07:29 test_firm_edit.py[51] INFO **********firm_edit test success*********** test_firm_edit test_run_firm_edit
2020-04-11 19:07:29 test_firm_edit.py[51] INFO **********firm_edit test success*********** test_firm_edit test_run_firm_edit
2020-04-11 19:07:29 test_firm_edit.py[51] INFO **********firm_edit test success*********** test_firm_edit test_run_firm_edit
2020-04-11 19:07:29 test_firm_edit.py[55] INFO **********firm_edit test fail*********** test_firm_edit test_run_firm_edit
2020-04-11 19:07:29 test_firm_edit.py[55] INFO **********firm_edit test fail*********** test_firm_edit test_run_firm_edit
2020-04-11 19:07:30 test_firm_edit.py[51] INFO **********firm_edit test success*********** test_firm_edit test_run_firm_edit
2020-04-11 19:07:30 test_firm_edit.py[55] INFO **********firm_edit test fail*********** test_firm_edit test_run_firm_edit
2020-04-11 19:07:30 test_firm_edit.py[51] INFO **********firm_edit test success*********** test_firm_edit test_run_firm_edit
2020-04-11 19:07:30 test_firm_edit.py[51] INFO **********firm_edit test success*********** test_firm_edit test_run_firm_edit
2020-04-11 19:07:30 test_firm_edit.py[51] INFO **********firm_edit test success*********** test_firm_edit test_run_firm_edit
2020-04-11 19:07:31 test_firm_edit.py[51] INFO **********firm_edit test success*********** test_firm_edit test_run_firm_edit
2020-04-11 19:07:31 test_firm_edit.py[51] INFO **********firm_edit test success*********** test_firm_edit test_run_firm_edit
2020-04-11 19:07:31 test_firm_edit.py[55] INFO **********firm_edit test fail*********** test_firm_edit test_run_firm_edit
2020-04-11 19:07:31 test_firm_edit.py[55] INFO **********firm_edit test fail*********** test_firm_edit test_run_firm_edit
2020-04-11 19:07:32 test_firm_edit.py[51] INFO **********firm_edit test success*********** test_firm_edit test_run_firm_edit
2020-04-11 19:07:32 test_firm_edit.py[51] INFO **********firm_edit test success*********** test_firm_edit test_run_firm_edit
2020-04-11 19:07:32 test_firm_edit.py[51] INFO **********firm_edit test success*********** test_firm_edit test_run_firm_edit
2020-04-11 19:07:32 test_firm_edit.py[51] INFO **********firm_edit test success*********** test_firm_edit test_run_firm_edit
2020-04-11 19:07:32 test_firm_edit.py[51] INFO **********firm_edit test success*********** test_firm_edit test_run_firm_edit
2020-04-11 19:07:33 test_firm_edit.py[51] INFO **********firm_edit test success*********** test_firm_edit test_run_firm_edit
2020-04-11 19:07:33 test_firm_edit.py[51] INFO **********firm_edit test success*********** test_firm_edit test_run_firm_edit
2020-04-11 19:07:33 test_firm_edit.py[51] INFO **********firm_edit test success*********** test_firm_edit test_run_firm_edit
2020-04-11 19:07:33 test_firm_edit.py[51] INFO **********firm_edit test success*********** test_firm_edit test_run_firm_edit
2020-04-11 19:07:33 test_firm_edit.py[51] INFO **********firm_edit test success*********** test_firm_edit test_run_firm_edit
2020-04-11 19:07:34 test_firm_edit.py[51] INFO **********firm_edit test success*********** test_firm_edit test_run_firm_edit
2020-04-11 19:07:34 test_firm_edit.py[51] INFO **********firm_edit test success*********** test_firm_edit test_run_firm_edit
2020-04-11 19:07:34 test_firm_edit.py[51] INFO **********firm_edit test success*********** test_firm_edit test_run_firm_edit
2020-04-11 19:07:34 test_firm_edit.py[51] INFO **********firm_edit test success*********** test_firm_edit test_run_firm_edit
2020-04-11 19:07:35 test_firm_edit.py[51] INFO **********firm_edit test success*********** test_firm_edit test_run_firm_edit
2020-04-11 19:07:35 test_firm_edit.py[51] INFO **********firm_edit test success*********** test_firm_edit test_run_firm_edit
2020-04-11 19:07:35 test_firm_edit.py[51] INFO **********firm_edit test success*********** test_firm_edit test_run_firm_edit
2020-04-11 19:07:35 test_firm_edit.py[51] INFO **********firm_edit test success*********** test_firm_edit test_run_firm_edit
2020-04-11 19:07:35 test_firm_edit.py[51] INFO **********firm_edit test success*********** test_firm_edit test_run_firm_edit
2020-04-11 19:07:36 test_firm_edit.py[51] INFO **********firm_edit test success*********** test_firm_edit test_run_firm_edit
2020-04-11 19:07:36 test_firm_edit.py[51] INFO **********firm_edit test success*********** test_firm_edit test_run_firm_edit
2020-04-11 19:07:36 test_firm_edit.py[51] INFO **********firm_edit test success*********** test_firm_edit test_run_firm_edit
2020-04-11 19:07:36 test_firm_del.py[52] INFO **********firm_del test success*********** test_firm_del test_run_firm_del
2020-04-11 19:07:37 test_firm_del.py[52] INFO **********firm_del test success*********** test_firm_del test_run_firm_del
2020-04-11 19:07:37 test_firm_del.py[52] INFO **********firm_del test success*********** test_firm_del test_run_firm_del
2020-04-11 19:07:37 test_firm_del.py[52] INFO **********firm_del test success*********** test_firm_del test_run_firm_del
2020-04-11 19:07:37 test_firm_del.py[52] INFO **********firm_del test success*********** test_firm_del test_run_firm_del
2020-04-11 19:07:37 test_firm_del.py[52] INFO **********firm_del test success*********** test_firm_del test_run_firm_del
2020-04-11 19:07:38 test_firm_del.py[52] INFO **********firm_del test success*********** test_firm_del test_run_firm_del
2020-04-11 19:07:38 test_firm_del.py[52] INFO **********firm_del test success*********** test_firm_del test_run_firm_del
2020-04-11 19:07:38 test_product_add.py[52] INFO **********product_add test success*********** test_product_add test_run_product_add
2020-04-11 19:07:38 test_product_add.py[52] INFO **********product_add test success*********** test_product_add test_run_product_add
2020-04-11 19:07:39 test_product_add.py[52] INFO **********product_add test success*********** test_product_add test_run_product_add
2020-04-11 19:07:39 test_product_add.py[52] INFO **********product_add test success*********** test_product_add test_run_product_add
2020-04-11 19:07:39 test_product_add.py[52] INFO **********product_add test success*********** test_product_add test_run_product_add
2020-04-11 19:07:39 test_product_add.py[52] INFO **********product_add test success*********** test_product_add test_run_product_add
2020-04-11 19:07:39 test_product_add.py[52] INFO **********product_add test success*********** test_product_add test_run_product_add
2020-04-11 19:07:40 test_product_add.py[52] INFO **********product_add test success*********** test_product_add test_run_product_add
2020-04-11 19:07:40 test_product_add.py[52] INFO **********product_add test success*********** test_product_add test_run_product_add
2020-04-11 19:07:40 test_product_add.py[52] INFO **********product_add test success*********** test_product_add test_run_product_add
2020-04-11 19:07:40 test_product_add.py[52] INFO **********product_add test success*********** test_product_add test_run_product_add
2020-04-11 19:07:41 test_product_add.py[52] INFO **********product_add test success*********** test_product_add test_run_product_add
2020-04-11 19:07:41 test_product_add.py[52] INFO **********product_add test success*********** test_product_add test_run_product_add
2020-04-11 19:07:41 test_product_add.py[52] INFO **********product_add test success*********** test_product_add test_run_product_add
2020-04-11 19:07:41 test_product_add.py[52] INFO **********product_add test success*********** test_product_add test_run_product_add
2020-04-11 19:07:41 test_product_add.py[52] INFO **********product_add test success*********** test_product_add test_run_product_add
2020-04-11 19:07:42 test_product_add.py[52] INFO **********product_add test success*********** test_product_add test_run_product_add
2020-04-11 19:07:42 test_product_add.py[52] INFO **********product_add test success*********** test_product_add test_run_product_add
2020-04-11 19:07:42 test_product_add.py[52] INFO **********product_add test success*********** test_product_add test_run_product_add
2020-04-11 19:07:42 test_product_add.py[52] INFO **********product_add test success*********** test_product_add test_run_product_add
2020-04-11 19:07:42 test_product_add.py[52] INFO **********product_add test success*********** test_product_add test_run_product_add
2020-04-11 19:07:43 test_product_add.py[52] INFO **********product_add test success*********** test_product_add test_run_product_add
2020-04-11 19:07:43 test_product_add.py[52] INFO **********product_add test success*********** test_product_add test_run_product_add
2020-04-11 19:07:43 test_product_add.py[52] INFO **********product_add test success*********** test_product_add test_run_product_add
2020-04-11 19:07:43 test_product_add.py[52] INFO **********product_add test success*********** test_product_add test_run_product_add
2020-04-11 19:07:43 test_product_add.py[52] INFO **********product_add test success*********** test_product_add test_run_product_add
2020-04-11 19:07:44 test_product_getById.py[57] INFO **********product_getById test success*********** test_product_getById test_run_product_getById
2020-04-11 19:07:45 test_product_getById.py[61] INFO **********product_getById test fail*********** test_product_getById test_run_product_getById
2020-04-11 19:07:45 test_product_getById.py[57] INFO **********product_getById test success*********** test_product_getById test_run_product_getById
2020-04-11 19:07:45 test_product_getById.py[57] INFO **********product_getById test success*********** test_product_getById test_run_product_getById
2020-04-11 19:07:45 test_product_getById.py[57] INFO **********product_getById test success*********** test_product_getById test_run_product_getById
2020-04-11 19:07:45 test_product_getById.py[57] INFO **********product_getById test success*********** test_product_getById test_run_product_getById
2020-04-11 19:07:46 test_product_getById.py[57] INFO **********product_getById test success*********** test_product_getById test_run_product_getById
2020-04-11 19:07:46 test_product_getById.py[57] INFO **********product_getById test success*********** test_product_getById test_run_product_getById
2020-04-11 19:07:46 test_product_getByPage.py[47] INFO **********product_get test success*********** test_product_getByPage test_run_product_getByPage
2020-04-11 19:07:47 test_product_getByPage.py[47] INFO **********product_get test success*********** test_product_getByPage test_run_product_getByPage
2020-04-11 19:07:47 test_product_getByPage.py[47] INFO **********product_get test success*********** test_product_getByPage test_run_product_getByPage
2020-04-11 19:07:47 test_product_getByPage.py[51] INFO **********product_get test fail*********** test_product_getByPage test_run_product_getByPage
2020-04-11 19:07:47 test_product_getByPage.py[47] INFO **********product_get test success*********** test_product_getByPage test_run_product_getByPage
2020-04-11 19:07:47 test_product_getByPage.py[47] INFO **********product_get test success*********** test_product_getByPage test_run_product_getByPage
2020-04-11 19:07:48 test_product_getByPage.py[47] INFO **********product_get test success*********** test_product_getByPage test_run_product_getByPage
2020-04-11 19:07:48 test_product_getByPage.py[47] INFO **********product_get test success*********** test_product_getByPage test_run_product_getByPage
2020-04-11 19:07:48 test_product_getByPage.py[47] INFO **********product_get test success*********** test_product_getByPage test_run_product_getByPage
2020-04-11 19:07:49 test_product_getByPage.py[47] INFO **********product_get test success*********** test_product_getByPage test_run_product_getByPage
2020-04-11 19:07:49 test_product_getByPage.py[47] INFO **********product_get test success*********** test_product_getByPage test_run_product_getByPage
2020-04-11 19:07:50 test_product_getByPage.py[47] INFO **********product_get test success*********** test_product_getByPage test_run_product_getByPage
2020-04-11 19:07:50 test_product_getByPage.py[47] INFO **********product_get test success*********** test_product_getByPage test_run_product_getByPage
2020-04-11 19:07:50 test_product_getByPage.py[47] INFO **********product_get test success*********** test_product_getByPage test_run_product_getByPage
2020-04-11 19:07:50 test_product_getByPage.py[47] INFO **********product_get test success*********** test_product_getByPage test_run_product_getByPage
2020-04-11 19:07:50 test_product_getByPage.py[51] INFO **********product_get test fail*********** test_product_getByPage test_run_product_getByPage
2020-04-11 19:07:51 test_product_edit.py[57] INFO **********product_edit test success*********** test_product_edit test_run_product_edit
2020-04-11 19:07:51 test_product_edit.py[57] INFO **********product_edit test success*********** test_product_edit test_run_product_edit
2020-04-11 19:07:51 test_product_edit.py[57] INFO **********product_edit test success*********** test_product_edit test_run_product_edit
2020-04-11 19:07:52 test_product_edit.py[57] INFO **********product_edit test success*********** test_product_edit test_run_product_edit
2020-04-11 19:07:52 test_product_edit.py[57] INFO **********product_edit test success*********** test_product_edit test_run_product_edit
2020-04-11 19:07:52 test_product_edit.py[57] INFO **********product_edit test success*********** test_product_edit test_run_product_edit
2020-04-11 19:07:52 test_product_edit.py[57] INFO **********product_edit test success*********** test_product_edit test_run_product_edit
2020-04-11 19:07:52 test_product_edit.py[61] INFO **********product_edit test fail*********** test_product_edit test_run_product_edit
2020-04-11 19:07:53 test_product_edit.py[57] INFO **********product_edit test success*********** test_product_edit test_run_product_edit
2020-04-11 19:07:53 test_product_edit.py[57] INFO **********product_edit test success*********** test_product_edit test_run_product_edit
2020-04-11 19:07:53 test_product_edit.py[57] INFO **********product_edit test success*********** test_product_edit test_run_product_edit
2020-04-11 19:07:53 test_product_edit.py[57] INFO **********product_edit test success*********** test_product_edit test_run_product_edit
2020-04-11 19:07:53 test_product_edit.py[57] INFO **********product_edit test success*********** test_product_edit test_run_product_edit
2020-04-11 19:07:54 test_product_edit.py[57] INFO **********product_edit test success*********** test_product_edit test_run_product_edit
2020-04-11 19:07:54 test_product_edit.py[57] INFO **********product_edit test success*********** test_product_edit test_run_product_edit
2020-04-11 19:07:54 test_product_edit.py[57] INFO **********product_edit test success*********** test_product_edit test_run_product_edit
2020-04-11 19:07:54 test_product_edit.py[57] INFO **********product_edit test success*********** test_product_edit test_run_product_edit
2020-04-11 19:07:55 test_product_edit.py[57] INFO **********product_edit test success*********** test_product_edit test_run_product_edit
2020-04-11 19:07:55 test_product_edit.py[61] INFO **********product_edit test fail*********** test_product_edit test_run_product_edit
2020-04-11 19:07:55 test_product_edit.py[57] INFO **********product_edit test success*********** test_product_edit test_run_product_edit
2020-04-11 19:07:55 test_product_edit.py[57] INFO **********product_edit test success*********** test_product_edit test_run_product_edit
2020-04-11 19:07:55 test_product_edit.py[57] INFO **********product_edit test success*********** test_product_edit test_run_product_edit
2020-04-11 19:07:56 test_product_edit.py[57] INFO **********product_edit test success*********** test_product_edit test_run_product_edit
2020-04-11 19:07:56 test_product_edit.py[57] INFO **********product_edit test success*********** test_product_edit test_run_product_edit
2020-04-11 19:07:56 test_product_edit.py[57] INFO **********product_edit test success*********** test_product_edit test_run_product_edit
2020-04-11 19:07:56 test_product_edit.py[61] INFO **********product_edit test fail*********** test_product_edit test_run_product_edit
2020-04-11 19:07:57 test_product_edit.py[57] INFO **********product_edit test success*********** test_product_edit test_run_product_edit
2020-04-11 19:07:57 test_product_edit.py[57] INFO **********product_edit test success*********** test_product_edit test_run_product_edit
2020-04-11 19:07:57 test_product_edit.py[57] INFO **********product_edit test success*********** test_product_edit test_run_product_edit
2020-04-11 19:07:57 test_product_edit.py[57] INFO **********product_edit test success*********** test_product_edit test_run_product_edit
2020-04-11 19:07:58 test_product_edit.py[57] INFO **********product_edit test success*********** test_product_edit test_run_product_edit
2020-04-11 19:07:58 test_product_edit.py[57] INFO **********product_edit test success*********** test_product_edit test_run_product_edit
2020-04-11 19:07:58 test_product_del.py[57] INFO **********product_del test success*********** test_product_del test_run_product_del
2020-04-11 19:07:59 test_product_del.py[57] INFO **********product_del test success*********** test_product_del test_run_product_del
2020-04-11 19:07:59 test_product_del.py[57] INFO **********product_del test success*********** test_product_del test_run_product_del
2020-04-11 19:07:59 test_product_del.py[57] INFO **********product_del test success*********** test_product_del test_run_product_del
2020-04-11 19:07:59 test_product_del.py[57] INFO **********product_del test success*********** test_product_del test_run_product_del
2020-04-11 19:07:59 test_product_del.py[57] INFO **********product_del test success*********** test_product_del test_run_product_del
2020-04-11 19:08:00 test_product_del.py[57] INFO **********product_del test success*********** test_product_del test_run_product_del
2020-04-11 19:08:00 test_product_del.py[57] INFO **********product_del test success*********** test_product_del test_run_product_del
2020-04-11 19:30:11 test_login.py[45] INFO **********login test success*********** test_login test_login
2020-04-11 19:30:11 test_login.py[45] INFO **********login test success*********** test_login test_login
2020-04-11 19:30:11 test_login.py[45] INFO **********login test success*********** test_login test_login
2020-04-11 19:30:12 test_login.py[45] INFO **********login test success*********** test_login test_login
2020-04-11 19:30:12 test_login.py[45] INFO **********login test success*********** test_login test_login
2020-04-11 19:30:12 test_login.py[45] INFO **********login test success*********** test_login test_login
2020-04-11 19:30:12 test_login.py[45] INFO **********login test success*********** test_login test_login
2020-04-11 19:30:13 test_scene_add.py[64] INFO **********scene_add test success*********** test_scene_add test_run_scene_add
2020-04-11 19:30:13 test_scene_add.py[64] INFO **********scene_add test success*********** test_scene_add test_run_scene_add
2020-04-11 19:30:13 test_scene_add.py[64] INFO **********scene_add test success*********** test_scene_add test_run_scene_add
2020-04-11 19:30:14 test_scene_add.py[64] INFO **********scene_add test success*********** test_scene_add test_run_scene_add
2020-04-11 19:30:14 test_scene_add.py[64] INFO **********scene_add test success*********** test_scene_add test_run_scene_add
2020-04-11 19:30:14 test_scene_add.py[64] INFO **********scene_add test success*********** test_scene_add test_run_scene_add
2020-04-11 19:30:15 test_scene_add.py[64] INFO **********scene_add test success*********** test_scene_add test_run_scene_add
2020-04-11 19:30:16 test_scene_del.py[100] INFO **********scene_del test success*********** test_scene_del test_run_scene_del_error
2020-04-11 19:30:16 test_scene_del.py[100] INFO **********scene_del test success*********** test_scene_del test_run_scene_del_error
2020-04-11 19:30:17 test_scene_del.py[100] INFO **********scene_del test success*********** test_scene_del test_run_scene_del_error
2020-04-11 19:30:17 test_scene_del.py[100] INFO **********scene_del test success*********** test_scene_del test_run_scene_del_error
2020-04-11 19:30:17 test_scene_del.py[100] INFO **********scene_del test success*********** test_scene_del test_run_scene_del_error
2020-04-11 19:30:17 test_scene_del.py[100] INFO **********scene_del test success*********** test_scene_del test_run_scene_del_error
2020-04-11 19:30:18 test_scene_del.py[100] INFO **********scene_del test success*********** test_scene_del test_run_scene_del_error
2020-04-11 19:30:18 test_scene_getAll.py[74] INFO **********scene_getAll test fail*********** test_scene_getAll test_run_scene_getAll
2020-04-11 19:30:19 test_scene_getAll.py[70] INFO **********scene_getAll test success*********** test_scene_getAll test_run_scene_getAll
2020-04-11 19:30:19 test_scene_getAll.py[70] INFO **********scene_getAll test success*********** test_scene_getAll test_run_scene_getAll
2020-04-11 19:30:20 test_scene_edit.py[70] INFO **********scene_add test success*********** test_scene_edit test_run_scene_edit
2020-04-11 19:30:20 test_scene_edit.py[70] INFO **********scene_add test success*********** test_scene_edit test_run_scene_edit
2020-04-11 19:30:20 test_scene_edit.py[70] INFO **********scene_add test success*********** test_scene_edit test_run_scene_edit
2020-04-11 19:30:20 test_scene_edit.py[74] INFO **********scene_add test fail*********** test_scene_edit test_run_scene_edit
2020-04-11 19:30:21 test_scene_edit.py[74] INFO **********scene_add test fail*********** test_scene_edit test_run_scene_edit
2020-04-11 19:30:21 test_scene_edit.py[70] INFO **********scene_add test success*********** test_scene_edit test_run_scene_edit
2020-04-11 19:30:21 test_scene_edit.py[70] INFO **********scene_add test success*********** test_scene_edit test_run_scene_edit
2020-04-11 19:30:21 test_scene_edit.py[70] INFO **********scene_add test success*********** test_scene_edit test_run_scene_edit
2020-04-11 19:30:22 test_scene_edit.py[70] INFO **********scene_add test success*********** test_scene_edit test_run_scene_edit
2020-04-11 19:30:22 test_scene_edit.py[70] INFO **********scene_add test success*********** test_scene_edit test_run_scene_edit
2020-04-11 19:30:22 test_scene_edit.py[70] INFO **********scene_add test success*********** test_scene_edit test_run_scene_edit
2020-04-11 19:30:23 test_room_add.py[53] INFO **********room_add test success*********** test_room_add test_run_room_add
2020-04-11 19:30:23 test_room_add.py[53] INFO **********room_add test success*********** test_room_add test_run_room_add
2020-04-11 19:30:23 test_room_add.py[53] INFO **********room_add test success*********** test_room_add test_run_room_add
2020-04-11 19:30:23 test_room_add.py[53] INFO **********room_add test success*********** test_room_add test_run_room_add
2020-04-11 19:30:24 test_room_add.py[53] INFO **********room_add test success*********** test_room_add test_run_room_add
2020-04-11 19:30:24 test_room_add.py[53] INFO **********room_add test success*********** test_room_add test_run_room_add
2020-04-11 19:30:24 test_room_add.py[53] INFO **********room_add test success*********** test_room_add test_run_room_add
2020-04-11 19:30:24 test_room_add.py[53] INFO **********room_add test success*********** test_room_add test_run_room_add
2020-04-11 19:30:25 test_room_add.py[53] INFO **********room_add test success*********** test_room_add test_run_room_add
2020-04-11 19:30:25 test_room_add.py[53] INFO **********room_add test success*********** test_room_add test_run_room_add
2020-04-11 19:30:25 test_room_add.py[53] INFO **********room_add test success*********** test_room_add test_run_room_add
2020-04-11 19:30:25 test_room_add.py[53] INFO **********room_add test success*********** test_room_add test_run_room_add
2020-04-11 19:30:25 test_room_add.py[53] INFO **********room_add test success*********** test_room_add test_run_room_add
2020-04-11 19:30:26 test_room_add.py[53] INFO **********room_add test success*********** test_room_add test_run_room_add
2020-04-11 19:30:26 test_room_add.py[53] INFO **********room_add test success*********** test_room_add test_run_room_add
2020-04-11 19:30:26 test_room_add.py[53] INFO **********room_add test success*********** test_room_add test_run_room_add
2020-04-11 19:30:26 test_room_add.py[53] INFO **********room_add test success*********** test_room_add test_run_room_add
2020-04-11 19:30:26 test_room_add.py[57] INFO **********room_add test fail*********** test_room_add test_run_room_add
2020-04-11 19:30:28 test_room_add.py[57] INFO **********room_add test fail*********** test_room_add test_run_room_add
2020-04-11 19:30:28 test_room_add.py[53] INFO **********room_add test success*********** test_room_add test_run_room_add
2020-04-11 19:30:28 test_room_add.py[53] INFO **********room_add test success*********** test_room_add test_run_room_add
2020-04-11 19:30:28 test_room_add.py[53] INFO **********room_add test success*********** test_room_add test_run_room_add
2020-04-11 19:30:29 test_room_add.py[53] INFO **********room_add test success*********** test_room_add test_run_room_add
2020-04-11 19:30:29 test_room_add.py[53] INFO **********room_add test success*********** test_room_add test_run_room_add
2020-04-11 19:30:29 test_room_add.py[53] INFO **********room_add test success*********** test_room_add test_run_room_add
2020-04-11 19:30:29 test_room_add.py[53] INFO **********room_add test success*********** test_room_add test_run_room_add
2020-04-11 19:30:29 test_room_add.py[53] INFO **********room_add test success*********** test_room_add test_run_room_add
2020-04-11 19:30:30 test_room_add.py[53] INFO **********room_add test success*********** test_room_add test_run_room_add
2020-04-11 19:30:33 test_room_getAll.py[55] INFO **********room_getAll test success*********** test_room_getAll test_run_room_getAll
2020-04-11 19:30:34 test_room_getAll.py[55] INFO **********room_getAll test success*********** test_room_getAll test_run_room_getAll
2020-04-11 19:30:34 test_room_getAll.py[55] INFO **********room_getAll test success*********** test_room_getAll test_run_room_getAll
2020-04-11 19:30:34 test_room_getAll.py[55] INFO **********room_getAll test success*********** test_room_getAll test_run_room_getAll
2020-04-11 19:30:34 test_room_getAll.py[55] INFO **********room_getAll test success*********** test_room_getAll test_run_room_getAll
2020-04-11 19:30:35 test_room_getAll.py[55] INFO **********room_getAll test success*********** test_room_getAll test_run_room_getAll
2020-04-11 19:30:35 test_room_getAll.py[55] INFO **********room_getAll test success*********** test_room_getAll test_run_room_getAll
2020-04-11 19:30:35 test_room_edit.py[56] INFO **********room_edit test success*********** test_room_edit test_run_room_edit
2020-04-11 19:30:36 test_room_edit.py[56] INFO **********room_edit test success*********** test_room_edit test_run_room_edit
2020-04-11 19:30:36 test_room_edit.py[60] INFO **********room_edit test fail*********** test_room_edit test_run_room_edit
2020-04-11 19:30:36 test_room_edit.py[56] INFO **********room_edit test success*********** test_room_edit test_run_room_edit
2020-04-11 19:30:36 test_room_edit.py[56] INFO **********room_edit test success*********** test_room_edit test_run_room_edit
2020-04-11 19:30:37 test_room_edit.py[56] INFO **********room_edit test success*********** test_room_edit test_run_room_edit
2020-04-11 19:30:37 test_room_edit.py[56] INFO **********room_edit test success*********** test_room_edit test_run_room_edit
2020-04-11 19:30:37 test_room_edit.py[56] INFO **********room_edit test success*********** test_room_edit test_run_room_edit
2020-04-11 19:30:37 test_room_edit.py[56] INFO **********room_edit test success*********** test_room_edit test_run_room_edit
2020-04-11 19:30:37 test_room_edit.py[56] INFO **********room_edit test success*********** test_room_edit test_run_room_edit
2020-04-11 19:30:38 test_room_edit.py[56] INFO **********room_edit test success*********** test_room_edit test_run_room_edit
2020-04-11 19:30:38 test_room_edit.py[56] INFO **********room_edit test success*********** test_room_edit test_run_room_edit
2020-04-11 19:30:38 test_room_edit.py[56] INFO **********room_edit test success*********** test_room_edit test_run_room_edit
2020-04-11 19:30:38 test_room_edit.py[56] INFO **********room_edit test success*********** test_room_edit test_run_room_edit
2020-04-11 19:30:39 test_room_edit.py[56] INFO **********room_edit test success*********** test_room_edit test_run_room_edit
2020-04-11 19:30:39 test_room_edit.py[56] INFO **********room_edit test success*********** test_room_edit test_run_room_edit
2020-04-11 19:30:39 test_room_edit.py[56] INFO **********room_edit test success*********** test_room_edit test_run_room_edit
2020-04-11 19:30:39 test_room_edit.py[60] INFO **********room_edit test fail*********** test_room_edit test_run_room_edit
2020-04-11 19:30:39 test_room_edit.py[60] INFO **********room_edit test fail*********** test_room_edit test_run_room_edit
2020-04-11 19:30:40 test_room_edit.py[56] INFO **********room_edit test success*********** test_room_edit test_run_room_edit
2020-04-11 19:30:40 test_room_edit.py[56] INFO **********room_edit test success*********** test_room_edit test_run_room_edit
2020-04-11 19:30:40 test_room_edit.py[56] INFO **********room_edit test success*********** test_room_edit test_run_room_edit
2020-04-11 19:30:40 test_room_edit.py[56] INFO **********room_edit test success*********** test_room_edit test_run_room_edit
2020-04-11 19:30:40 test_room_edit.py[56] INFO **********room_edit test success*********** test_room_edit test_run_room_edit
2020-04-11 19:30:41 test_room_edit.py[56] INFO **********room_edit test success*********** test_room_edit test_run_room_edit
2020-04-11 19:30:41 test_room_edit.py[56] INFO **********room_edit test success*********** test_room_edit test_run_room_edit
2020-04-11 19:30:41 test_room_edit.py[56] INFO **********room_edit test success*********** test_room_edit test_run_room_edit
2020-04-11 19:30:41 test_room_edit.py[56] INFO **********room_edit test success*********** test_room_edit test_run_room_edit
2020-04-11 19:30:41 test_room_edit.py[56] INFO **********room_edit test success*********** test_room_edit test_run_room_edit
2020-04-11 19:30:42 test_room_edit.py[56] INFO **********room_edit test success*********** test_room_edit test_run_room_edit
2020-04-11 19:30:42 test_room_edit.py[56] INFO **********room_edit test success*********** test_room_edit test_run_room_edit
2020-04-11 19:30:42 test_room_edit.py[56] INFO **********room_edit test success*********** test_room_edit test_run_room_edit
2020-04-11 19:30:42 test_room_edit.py[56] INFO **********room_edit test success*********** test_room_edit test_run_room_edit
2020-04-11 19:30:43 test_room_edit.py[56] INFO **********room_edit test success*********** test_room_edit test_run_room_edit
2020-04-11 19:30:43 test_room_del.py[55] INFO **********room_del test success*********** test_room_del test_run_room_del
2020-04-11 19:30:43 test_room_del.py[55] INFO **********room_del test success*********** test_room_del test_run_room_del
2020-04-11 19:30:44 test_room_del.py[55] INFO **********room_del test success*********** test_room_del test_run_room_del
2020-04-11 19:30:44 test_room_del.py[55] INFO **********room_del test success*********** test_room_del test_run_room_del
2020-04-11 19:30:44 test_room_del.py[55] INFO **********room_del test success*********** test_room_del test_run_room_del
2020-04-11 19:30:44 test_room_del.py[55] INFO **********room_del test success*********** test_room_del test_run_room_del
2020-04-11 19:30:44 test_room_del.py[55] INFO **********room_del test success*********** test_room_del test_run_room_del
2020-04-11 19:30:45 test_room_del.py[55] INFO **********room_del test success*********** test_room_del test_run_room_del
2020-04-11 19:30:45 test_room_del.py[59] INFO **********room_del test fail*********** test_room_del test_run_room_del
2020-04-11 19:30:45 test_firm_add.py[47] INFO **********firm_add test success*********** test_firm_add test_run_firm_add
2020-04-11 19:30:45 test_firm_add.py[47] INFO **********firm_add test success*********** test_firm_add test_run_firm_add
2020-04-11 19:30:46 test_firm_add.py[47] INFO **********firm_add test success*********** test_firm_add test_run_firm_add
2020-04-11 19:30:46 test_firm_add.py[47] INFO **********firm_add test success*********** test_firm_add test_run_firm_add
2020-04-11 19:30:46 test_firm_add.py[47] INFO **********firm_add test success*********** test_firm_add test_run_firm_add
2020-04-11 19:30:46 test_firm_add.py[47] INFO **********firm_add test success*********** test_firm_add test_run_firm_add
2020-04-11 19:30:47 test_firm_add.py[47] INFO **********firm_add test success*********** test_firm_add test_run_firm_add
2020-04-11 19:30:47 test_firm_add.py[47] INFO **********firm_add test success*********** test_firm_add test_run_firm_add
2020-04-11 19:30:47 test_firm_add.py[47] INFO **********firm_add test success*********** test_firm_add test_run_firm_add
2020-04-11 19:30:47 test_firm_add.py[47] INFO **********firm_add test success*********** test_firm_add test_run_firm_add
2020-04-11 19:30:47 test_firm_add.py[47] INFO **********firm_add test success*********** test_firm_add test_run_firm_add
2020-04-11 19:30:48 test_firm_add.py[51] INFO **********firm_add test fail*********** test_firm_add test_run_firm_add
2020-04-11 19:30:48 test_firm_add.py[51] INFO **********firm_add test fail*********** test_firm_add test_run_firm_add
2020-04-11 19:30:48 test_firm_add.py[47] INFO **********firm_add test success*********** test_firm_add test_run_firm_add
2020-04-11 19:30:48 test_firm_add.py[51] INFO **********firm_add test fail*********** test_firm_add test_run_firm_add
2020-04-11 19:30:49 test_firm_add.py[47] INFO **********firm_add test success*********** test_firm_add test_run_firm_add
2020-04-11 19:30:49 test_firm_add.py[47] INFO **********firm_add test success*********** test_firm_add test_run_firm_add
2020-04-11 19:30:49 test_firm_add.py[47] INFO **********firm_add test success*********** test_firm_add test_run_firm_add
2020-04-11 19:30:49 test_firm_add.py[47] INFO **********firm_add test success*********** test_firm_add test_run_firm_add
2020-04-11 19:30:49 test_firm_add.py[47] INFO **********firm_add test success*********** test_firm_add test_run_firm_add
2020-04-11 19:30:50 test_firm_add.py[47] INFO **********firm_add test success*********** test_firm_add test_run_firm_add
2020-04-11 19:30:50 test_firm_add.py[47] INFO **********firm_add test success*********** test_firm_add test_run_firm_add
2020-04-11 19:30:50 test_firm_add.py[47] INFO **********firm_add test success*********** test_firm_add test_run_firm_add
2020-04-11 19:30:50 test_firm_add.py[47] INFO **********firm_add test success*********** test_firm_add test_run_firm_add
2020-04-11 19:30:51 test_firm_add.py[47] INFO **********firm_add test success*********** test_firm_add test_run_firm_add
2020-04-11 19:30:51 test_firm_add.py[47] INFO **********firm_add test success*********** test_firm_add test_run_firm_add
2020-04-11 19:30:51 test_firm_add.py[47] INFO **********firm_add test success*********** test_firm_add test_run_firm_add
2020-04-11 19:30:51 test_firm_add.py[47] INFO **********firm_add test success*********** test_firm_add test_run_firm_add
2020-04-11 19:30:51 test_firm_add.py[47] INFO **********firm_add test success*********** test_firm_add test_run_firm_add
2020-04-11 19:30:52 test_firm_add.py[47] INFO **********firm_add test success*********** test_firm_add test_run_firm_add
2020-04-11 19:30:52 test_firm_add.py[47] INFO **********firm_add test success*********** test_firm_add test_run_firm_add
2020-04-11 19:30:52 test_firm_add.py[47] INFO **********firm_add test success*********** test_firm_add test_run_firm_add
2020-04-11 19:30:52 test_firm_add.py[47] INFO **********firm_add test success*********** test_firm_add test_run_firm_add
2020-04-11 19:30:53 test_firm_add.py[47] INFO **********firm_add test success*********** test_firm_add test_run_firm_add
2020-04-11 19:30:53 test_firm_add.py[47] INFO **********firm_add test success*********** test_firm_add test_run_firm_add
2020-04-11 19:30:53 test_firm_add.py[47] INFO **********firm_add test success*********** test_firm_add test_run_firm_add
2020-04-11 19:30:53 test_firm_add.py[47] INFO **********firm_add test success*********** test_firm_add test_run_firm_add
2020-04-11 19:30:53 test_firm_add.py[47] INFO **********firm_add test success*********** test_firm_add test_run_firm_add
2020-04-11 19:30:55 test_firm_getAll.py[47] INFO **********firm_add test success*********** test_firm_getAll test_run_firm_getAll
2020-04-11 19:30:56 test_firm_edit.py[51] INFO **********firm_edit test success*********** test_firm_edit test_run_firm_edit
2020-04-11 19:30:56 test_firm_edit.py[51] INFO **********firm_edit test success*********** test_firm_edit test_run_firm_edit
2020-04-11 19:30:56 test_firm_edit.py[55] INFO **********firm_edit test fail*********** test_firm_edit test_run_firm_edit
2020-04-11 19:30:56 test_firm_edit.py[51] INFO **********firm_edit test success*********** test_firm_edit test_run_firm_edit
2020-04-11 19:30:57 test_firm_edit.py[51] INFO **********firm_edit test success*********** test_firm_edit test_run_firm_edit
2020-04-11 19:30:57 test_firm_edit.py[51] INFO **********firm_edit test success*********** test_firm_edit test_run_firm_edit
2020-04-11 19:30:57 test_firm_edit.py[51] INFO **********firm_edit test success*********** test_firm_edit test_run_firm_edit
2020-04-11 19:30:57 test_firm_edit.py[51] INFO **********firm_edit test success*********** test_firm_edit test_run_firm_edit
2020-04-11 19:30:58 test_firm_edit.py[51] INFO **********firm_edit test success*********** test_firm_edit test_run_firm_edit
2020-04-11 19:30:58 test_firm_edit.py[51] INFO **********firm_edit test success*********** test_firm_edit test_run_firm_edit
2020-04-11 19:30:58 test_firm_edit.py[51] INFO **********firm_edit test success*********** test_firm_edit test_run_firm_edit
2020-04-11 19:30:58 test_firm_edit.py[55] INFO **********firm_edit test fail*********** test_firm_edit test_run_firm_edit
2020-04-11 19:30:58 test_firm_edit.py[55] INFO **********firm_edit test fail*********** test_firm_edit test_run_firm_edit
2020-04-11 19:30:59 test_firm_edit.py[51] INFO **********firm_edit test success*********** test_firm_edit test_run_firm_edit
2020-04-11 19:30:59 test_firm_edit.py[55] INFO **********firm_edit test fail*********** test_firm_edit test_run_firm_edit
2020-04-11 19:30:59 test_firm_edit.py[51] INFO **********firm_edit test success*********** test_firm_edit test_run_firm_edit
2020-04-11 19:30:59 test_firm_edit.py[51] INFO **********firm_edit test success*********** test_firm_edit test_run_firm_edit
2020-04-11 19:30:59 test_firm_edit.py[51] INFO **********firm_edit test success*********** test_firm_edit test_run_firm_edit
2020-04-11 19:31:00 test_firm_edit.py[51] INFO **********firm_edit test success*********** test_firm_edit test_run_firm_edit
2020-04-11 19:31:00 test_firm_edit.py[51] INFO **********firm_edit test success*********** test_firm_edit test_run_firm_edit
2020-04-11 19:31:00 test_firm_edit.py[55] INFO **********firm_edit test fail*********** test_firm_edit test_run_firm_edit
2020-04-11 19:31:00 test_firm_edit.py[55] INFO **********firm_edit test fail*********** test_firm_edit test_run_firm_edit
2020-04-11 19:31:01 test_firm_edit.py[51] INFO **********firm_edit test success*********** test_firm_edit test_run_firm_edit
2020-04-11 19:31:01 test_firm_edit.py[51] INFO **********firm_edit test success*********** test_firm_edit test_run_firm_edit
2020-04-11 19:31:01 test_firm_edit.py[51] INFO **********firm_edit test success*********** test_firm_edit test_run_firm_edit
2020-04-11 19:31:01 test_firm_edit.py[51] INFO **********firm_edit test success*********** test_firm_edit test_run_firm_edit
2020-04-11 19:31:01 test_firm_edit.py[51] INFO **********firm_edit test success*********** test_firm_edit test_run_firm_edit
2020-04-11 19:31:02 test_firm_edit.py[51] INFO **********firm_edit test success*********** test_firm_edit test_run_firm_edit
2020-04-11 19:31:02 test_firm_edit.py[51] INFO **********firm_edit test success*********** test_firm_edit test_run_firm_edit
2020-04-11 19:31:02 test_firm_edit.py[51] INFO **********firm_edit test success*********** test_firm_edit test_run_firm_edit
2020-04-11 19:31:02 test_firm_edit.py[51] INFO **********firm_edit test success*********** test_firm_edit test_run_firm_edit
2020-04-11 19:31:03 test_firm_edit.py[51] INFO **********firm_edit test success*********** test_firm_edit test_run_firm_edit
2020-04-11 19:31:03 test_firm_edit.py[51] INFO **********firm_edit test success*********** test_firm_edit test_run_firm_edit
2020-04-11 19:31:03 test_firm_edit.py[51] INFO **********firm_edit test success*********** test_firm_edit test_run_firm_edit
2020-04-11 19:31:03 test_firm_edit.py[51] INFO **********firm_edit test success*********** test_firm_edit test_run_firm_edit
2020-04-11 19:31:04 test_firm_edit.py[51] INFO **********firm_edit test success*********** test_firm_edit test_run_firm_edit
2020-04-11 19:31:04 test_firm_edit.py[51] INFO **********firm_edit test success*********** test_firm_edit test_run_firm_edit
2020-04-11 19:31:04 test_firm_edit.py[51] INFO **********firm_edit test success*********** test_firm_edit test_run_firm_edit
2020-04-11 19:31:04 test_firm_edit.py[51] INFO **********firm_edit test success*********** test_firm_edit test_run_firm_edit
2020-04-11 19:31:04 test_firm_edit.py[51] INFO **********firm_edit test success*********** test_firm_edit test_run_firm_edit
2020-04-11 19:31:05 test_firm_edit.py[51] INFO **********firm_edit test success*********** test_firm_edit test_run_firm_edit
2020-04-11 19:31:05 test_firm_edit.py[51] INFO **********firm_edit test success*********** test_firm_edit test_run_firm_edit
2020-04-11 19:31:05 test_firm_edit.py[51] INFO **********firm_edit test success*********** test_firm_edit test_run_firm_edit
2020-04-11 19:31:05 test_firm_edit.py[51] INFO **********firm_edit test success*********** test_firm_edit test_run_firm_edit
2020-04-11 19:31:06 test_firm_del.py[52] INFO **********firm_del test success*********** test_firm_del test_run_firm_del
2020-04-11 19:31:06 test_firm_del.py[52] INFO **********firm_del test success*********** test_firm_del test_run_firm_del
2020-04-11 19:31:06 test_firm_del.py[52] INFO **********firm_del test success*********** test_firm_del test_run_firm_del
2020-04-11 19:31:06 test_firm_del.py[52] INFO **********firm_del test success*********** test_firm_del test_run_firm_del
2020-04-11 19:31:06 test_firm_del.py[52] INFO **********firm_del test success*********** test_firm_del test_run_firm_del
2020-04-11 19:31:07 test_firm_del.py[52] INFO **********firm_del test success*********** test_firm_del test_run_firm_del
2020-04-11 19:31:07 test_firm_del.py[52] INFO **********firm_del test success*********** test_firm_del test_run_firm_del
2020-04-11 19:31:07 test_firm_del.py[52] INFO **********firm_del test success*********** test_firm_del test_run_firm_del
2020-04-11 19:31:08 test_product_add.py[52] INFO **********product_add test success*********** test_product_add test_run_product_add
2020-04-11 19:31:08 test_product_add.py[52] INFO **********product_add test success*********** test_product_add test_run_product_add
2020-04-11 19:31:08 test_product_add.py[52] INFO **********product_add test success*********** test_product_add test_run_product_add
2020-04-11 19:31:08 test_product_add.py[52] INFO **********product_add test success*********** test_product_add test_run_product_add
2020-04-11 19:31:08 test_product_add.py[52] INFO **********product_add test success*********** test_product_add test_run_product_add
2020-04-11 19:31:09 test_product_add.py[52] INFO **********product_add test success*********** test_product_add test_run_product_add
2020-04-11 19:31:09 test_product_add.py[52] INFO **********product_add test success*********** test_product_add test_run_product_add
2020-04-11 19:31:09 test_product_add.py[52] INFO **********product_add test success*********** test_product_add test_run_product_add
2020-04-11 19:31:09 test_product_add.py[52] INFO **********product_add test success*********** test_product_add test_run_product_add
2020-04-11 19:31:09 test_product_add.py[52] INFO **********product_add test success*********** test_product_add test_run_product_add
2020-04-11 19:31:10 test_product_add.py[52] INFO **********product_add test success*********** test_product_add test_run_product_add
2020-04-11 19:31:10 test_product_add.py[52] INFO **********product_add test success*********** test_product_add test_run_product_add
2020-04-11 19:31:10 test_product_add.py[52] INFO **********product_add test success*********** test_product_add test_run_product_add
2020-04-11 19:31:10 test_product_add.py[52] INFO **********product_add test success*********** test_product_add test_run_product_add
2020-04-11 19:31:11 test_product_add.py[52] INFO **********product_add test success*********** test_product_add test_run_product_add
2020-04-11 19:31:11 test_product_add.py[52] INFO **********product_add test success*********** test_product_add test_run_product_add
2020-04-11 19:31:12 test_product_add.py[52] INFO **********product_add test success*********** test_product_add test_run_product_add
2020-04-11 19:31:12 test_product_add.py[52] INFO **********product_add test success*********** test_product_add test_run_product_add
2020-04-11 19:31:12 test_product_add.py[52] INFO **********product_add test success*********** test_product_add test_run_product_add
2020-04-11 19:31:13 test_product_add.py[52] INFO **********product_add test success*********** test_product_add test_run_product_add
2020-04-11 19:31:13 test_product_add.py[52] INFO **********product_add test success*********** test_product_add test_run_product_add
2020-04-11 19:31:13 test_product_add.py[52] INFO **********product_add test success*********** test_product_add test_run_product_add
2020-04-11 19:31:13 test_product_add.py[52] INFO **********product_add test success*********** test_product_add test_run_product_add
2020-04-11 19:31:13 test_product_add.py[52] INFO **********product_add test success*********** test_product_add test_run_product_add
2020-04-11 19:31:14 test_product_add.py[52] INFO **********product_add test success*********** test_product_add test_run_product_add
2020-04-11 19:31:14 test_product_add.py[52] INFO **********product_add test success*********** test_product_add test_run_product_add
2020-04-11 19:31:15 test_product_getById.py[57] INFO **********product_getById test success*********** test_product_getById test_run_product_getById
2020-04-11 19:31:15 test_product_getById.py[61] INFO **********product_getById test fail*********** test_product_getById test_run_product_getById
2020-04-11 19:31:15 test_product_getById.py[57] INFO **********product_getById test success*********** test_product_getById test_run_product_getById
2020-04-11 19:31:15 test_product_getById.py[57] INFO **********product_getById test success*********** test_product_getById test_run_product_getById
2020-04-11 19:31:16 test_product_getById.py[57] INFO **********product_getById test success*********** test_product_getById test_run_product_getById
2020-04-11 19:31:16 test_product_getById.py[57] INFO **********product_getById test success*********** test_product_getById test_run_product_getById
2020-04-11 19:31:16 test_product_getById.py[57] INFO **********product_getById test success*********** test_product_getById test_run_product_getById
2020-04-11 19:31:16 test_product_getById.py[57] INFO **********product_getById test success*********** test_product_getById test_run_product_getById
2020-04-11 19:31:17 test_product_getByPage.py[47] INFO **********product_get test success*********** test_product_getByPage test_run_product_getByPage
2020-04-11 19:31:17 test_product_getByPage.py[47] INFO **********product_get test success*********** test_product_getByPage test_run_product_getByPage
2020-04-11 19:31:17 test_product_getByPage.py[47] INFO **********product_get test success*********** test_product_getByPage test_run_product_getByPage
2020-04-11 19:31:17 test_product_getByPage.py[51] INFO **********product_get test fail*********** test_product_getByPage test_run_product_getByPage
2020-04-11 19:31:18 test_product_getByPage.py[47] INFO **********product_get test success*********** test_product_getByPage test_run_product_getByPage
2020-04-11 19:31:18 test_product_getByPage.py[47] INFO **********product_get test success*********** test_product_getByPage test_run_product_getByPage
2020-04-11 19:31:18 test_product_getByPage.py[47] INFO **********product_get test success*********** test_product_getByPage test_run_product_getByPage
2020-04-11 19:31:18 test_product_getByPage.py[47] INFO **********product_get test success*********** test_product_getByPage test_run_product_getByPage
2020-04-11 19:31:18 test_product_getByPage.py[47] INFO **********product_get test success*********** test_product_getByPage test_run_product_getByPage
2020-04-11 19:31:19 test_product_getByPage.py[47] INFO **********product_get test success*********** test_product_getByPage test_run_product_getByPage
2020-04-11 19:31:19 test_product_getByPage.py[47] INFO **********product_get test success*********** test_product_getByPage test_run_product_getByPage
2020-04-11 19:31:19 test_product_getByPage.py[47] INFO **********product_get test success*********** test_product_getByPage test_run_product_getByPage
2020-04-11 19:31:19 test_product_getByPage.py[47] INFO **********product_get test success*********** test_product_getByPage test_run_product_getByPage
2020-04-11 19:31:20 test_product_getByPage.py[47] INFO **********product_get test success*********** test_product_getByPage test_run_product_getByPage
2020-04-11 19:31:20 test_product_getByPage.py[47] INFO **********product_get test success*********** test_product_getByPage test_run_product_getByPage
2020-04-11 19:31:20 test_product_getByPage.py[51] INFO **********product_get test fail*********** test_product_getByPage test_run_product_getByPage
2020-04-11 19:31:20 test_product_edit.py[57] INFO **********product_edit test success*********** test_product_edit test_run_product_edit
2020-04-11 19:31:21 test_product_edit.py[57] INFO **********product_edit test success*********** test_product_edit test_run_product_edit
2020-04-11 19:31:21 test_product_edit.py[57] INFO **********product_edit test success*********** test_product_edit test_run_product_edit
2020-04-11 19:31:21 test_product_edit.py[57] INFO **********product_edit test success*********** test_product_edit test_run_product_edit
2020-04-11 19:31:21 test_product_edit.py[57] INFO **********product_edit test success*********** test_product_edit test_run_product_edit
2020-04-11 19:31:21 test_product_edit.py[57] INFO **********product_edit test success*********** test_product_edit test_run_product_edit
2020-04-11 19:31:22 test_product_edit.py[57] INFO **********product_edit test success*********** test_product_edit test_run_product_edit
2020-04-11 19:31:22 test_product_edit.py[61] INFO **********product_edit test fail*********** test_product_edit test_run_product_edit
2020-04-11 19:31:22 test_product_edit.py[57] INFO **********product_edit test success*********** test_product_edit test_run_product_edit
2020-04-11 19:31:22 test_product_edit.py[57] INFO **********product_edit test success*********** test_product_edit test_run_product_edit
2020-04-11 19:31:23 test_product_edit.py[57] INFO **********product_edit test success*********** test_product_edit test_run_product_edit
2020-04-11 19:31:23 test_product_edit.py[57] INFO **********product_edit test success*********** test_product_edit test_run_product_edit
2020-04-11 19:31:23 test_product_edit.py[57] INFO **********product_edit test success*********** test_product_edit test_run_product_edit
2020-04-11 19:31:23 test_product_edit.py[57] INFO **********product_edit test success*********** test_product_edit test_run_product_edit
2020-04-11 19:31:23 test_product_edit.py[57] INFO **********product_edit test success*********** test_product_edit test_run_product_edit
2020-04-11 19:31:24 test_product_edit.py[57] INFO **********product_edit test success*********** test_product_edit test_run_product_edit
2020-04-11 19:31:24 test_product_edit.py[57] INFO **********product_edit test success*********** test_product_edit test_run_product_edit
2020-04-11 19:31:24 test_product_edit.py[57] INFO **********product_edit test success*********** test_product_edit test_run_product_edit
2020-04-11 19:31:24 test_product_edit.py[61] INFO **********product_edit test fail*********** test_product_edit test_run_product_edit
2020-04-11 19:31:25 test_product_edit.py[57] INFO **********product_edit test success*********** test_product_edit test_run_product_edit
2020-04-11 19:31:25 test_product_edit.py[57] INFO **********product_edit test success*********** test_product_edit test_run_product_edit
2020-04-11 19:31:25 test_product_edit.py[57] INFO **********product_edit test success*********** test_product_edit test_run_product_edit
2020-04-11 19:31:25 test_product_edit.py[57] INFO **********product_edit test success*********** test_product_edit test_run_product_edit
2020-04-11 19:31:25 test_product_edit.py[57] INFO **********product_edit test success*********** test_product_edit test_run_product_edit
2020-04-11 19:31:26 test_product_edit.py[57] INFO **********product_edit test success*********** test_product_edit test_run_product_edit
2020-04-11 19:31:26 test_product_edit.py[61] INFO **********product_edit test fail*********** test_product_edit test_run_product_edit
2020-04-11 19:31:26 test_product_edit.py[57] INFO **********product_edit test success*********** test_product_edit test_run_product_edit
2020-04-11 19:31:26 test_product_edit.py[57] INFO **********product_edit test success*********** test_product_edit test_run_product_edit
2020-04-11 19:31:26 test_product_edit.py[57] INFO **********product_edit test success*********** test_product_edit test_run_product_edit
2020-04-11 19:31:27 test_product_edit.py[57] INFO **********product_edit test success*********** test_product_edit test_run_product_edit
2020-04-11 19:31:27 test_product_edit.py[57] INFO **********product_edit test success*********** test_product_edit test_run_product_edit
2020-04-11 19:31:27 test_product_edit.py[57] INFO **********product_edit test success*********** test_product_edit test_run_product_edit
2020-04-11 19:31:28 test_product_del.py[57] INFO **********product_del test success*********** test_product_del test_run_product_del
2020-04-11 19:31:28 test_product_del.py[57] INFO **********product_del test success*********** test_product_del test_run_product_del
2020-04-11 19:31:28 test_product_del.py[57] INFO **********product_del test success*********** test_product_del test_run_product_del
2020-04-11 19:31:28 test_product_del.py[57] INFO **********product_del test success*********** test_product_del test_run_product_del
2020-04-11 19:31:29 test_product_del.py[57] INFO **********product_del test success*********** test_product_del test_run_product_del
2020-04-11 19:31:29 test_product_del.py[57] INFO **********product_del test success*********** test_product_del test_run_product_del
2020-04-11 19:31:29 test_product_del.py[57] INFO **********product_del test success*********** test_product_del test_run_product_del
2020-04-11 19:31:29 test_product_del.py[57] INFO **********product_del test success*********** test_product_del test_run_product_del
